{"C:\\Users\\Ben\\Code\\ITEC471_472-Tender-Recipe\\App.js": {"path":"C:\\Users\\Ben\\Code\\ITEC471_472-Tender-Recipe\\App.js","statementMap":{"0":{"start":{"line":11,"column":12},"end":{"line":13,"column":5}},"1":{"start":{"line":16,"column":6},"end":{"line":23,"column":9}},"2":{"start":{"line":24,"column":6},"end":{"line":24,"column":43}},"3":{"start":{"line":28,"column":6},"end":{"line":28,"column":23}},"4":{"start":{"line":32,"column":6},"end":{"line":40,"column":7}},"5":{"start":{"line":33,"column":8},"end":{"line":37,"column":12}},"6":{"start":{"line":39,"column":8},"end":{"line":39,"column":20}},"7":{"start":{"line":45,"column":15},"end":{"line":52,"column":2}}},"fnMap":{"0":{"name":"(anonymous_0)","decl":{"start":{"line":15,"column":4},"end":{"line":15,"column":5}},"loc":{"start":{"line":15,"column":22},"end":{"line":25,"column":5}},"line":15},"1":{"name":"(anonymous_1)","decl":{"start":{"line":27,"column":4},"end":{"line":27,"column":5}},"loc":{"start":{"line":27,"column":24},"end":{"line":29,"column":5}},"line":27},"2":{"name":"(anonymous_2)","decl":{"start":{"line":31,"column":4},"end":{"line":31,"column":5}},"loc":{"start":{"line":31,"column":13},"end":{"line":42,"column":5}},"line":31}},"branchMap":{"0":{"loc":{"start":{"line":32,"column":6},"end":{"line":40,"column":7}},"type":"if","locations":[{"start":{"line":32,"column":6},"end":{"line":40,"column":7}},{"start":{"line":32,"column":6},"end":{"line":40,"column":7}}],"line":32}},"s":{"0":1,"1":1,"2":0,"3":1,"4":1,"5":0,"6":1,"7":1},"f":{"0":1,"1":1,"2":1},"b":{"0":[0,1]},"_coverageSchema":"1a1c01bbd47fc00a2c39e90264f33305004495a9","hash":"2f54111f7e4d8fee9835c08cfc97f290ac3718ce"}
,"C:\\Users\\Ben\\Code\\ITEC471_472-Tender-Recipe\\assets\\BigShouldersDisplay-Bold.ttf": {"path":"C:\\Users\\Ben\\Code\\ITEC471_472-Tender-Recipe\\assets\\BigShouldersDisplay-Bold.ttf","statementMap":{"0":{"start":{"line":1,"column":0},"end":{"line":1,"column":19}}},"fnMap":{},"branchMap":{},"s":{"0":1},"f":{},"b":{},"inputSourceMap":null,"_coverageSchema":"1a1c01bbd47fc00a2c39e90264f33305004495a9","hash":"1645fd98f6b71b390d9226a45708d646cadcfe87"}
,"C:\\Users\\Ben\\Code\\ITEC471_472-Tender-Recipe\\assets\\images\\Gradient.png": {"path":"C:\\Users\\Ben\\Code\\ITEC471_472-Tender-Recipe\\assets\\images\\Gradient.png","statementMap":{"0":{"start":{"line":1,"column":0},"end":{"line":1,"column":19}}},"fnMap":{},"branchMap":{},"s":{"0":3},"f":{},"b":{},"inputSourceMap":null,"_coverageSchema":"1a1c01bbd47fc00a2c39e90264f33305004495a9","hash":"3ec6f7c29fa4b720721143a6c4b5672791017896"}
,"C:\\Users\\Ben\\Code\\ITEC471_472-Tender-Recipe\\assets\\images\\checkbox_bbg.jpg": {"path":"C:\\Users\\Ben\\Code\\ITEC471_472-Tender-Recipe\\assets\\images\\checkbox_bbg.jpg","statementMap":{"0":{"start":{"line":1,"column":0},"end":{"line":1,"column":19}}},"fnMap":{},"branchMap":{},"s":{"0":1},"f":{},"b":{},"inputSourceMap":null,"_coverageSchema":"1a1c01bbd47fc00a2c39e90264f33305004495a9","hash":"3f399ac810dd84ceec8f49bdec4104a597d56a13"}
,"C:\\Users\\Ben\\Code\\ITEC471_472-Tender-Recipe\\assets\\images\\checkboxfield_bbg.jpg": {"path":"C:\\Users\\Ben\\Code\\ITEC471_472-Tender-Recipe\\assets\\images\\checkboxfield_bbg.jpg","statementMap":{"0":{"start":{"line":1,"column":0},"end":{"line":1,"column":19}}},"fnMap":{},"branchMap":{},"s":{"0":1},"f":{},"b":{},"inputSourceMap":null,"_coverageSchema":"1a1c01bbd47fc00a2c39e90264f33305004495a9","hash":"ae19a6b52fb26ae0710dff98bf4787935514f279"}
,"C:\\Users\\Ben\\Code\\ITEC471_472-Tender-Recipe\\assets\\images\\login_bg.png": {"path":"C:\\Users\\Ben\\Code\\ITEC471_472-Tender-Recipe\\assets\\images\\login_bg.png","statementMap":{"0":{"start":{"line":1,"column":0},"end":{"line":1,"column":19}}},"fnMap":{},"branchMap":{},"s":{"0":2},"f":{},"b":{},"inputSourceMap":null,"_coverageSchema":"1a1c01bbd47fc00a2c39e90264f33305004495a9","hash":"33fdf26d60fcb2edb1ea0544a5b6c3abf4208899"}
,"C:\\Users\\Ben\\Code\\ITEC471_472-Tender-Recipe\\assets\\images\\logo.png": {"path":"C:\\Users\\Ben\\Code\\ITEC471_472-Tender-Recipe\\assets\\images\\logo.png","statementMap":{"0":{"start":{"line":1,"column":0},"end":{"line":1,"column":19}}},"fnMap":{},"branchMap":{},"s":{"0":3},"f":{},"b":{},"inputSourceMap":null,"_coverageSchema":"1a1c01bbd47fc00a2c39e90264f33305004495a9","hash":"fa14da64cbb01788ce07e16dcc8c724b041042b0"}
,"C:\\Users\\Ben\\Code\\ITEC471_472-Tender-Recipe\\assets\\images\\main_bg2.png": {"path":"C:\\Users\\Ben\\Code\\ITEC471_472-Tender-Recipe\\assets\\images\\main_bg2.png","statementMap":{"0":{"start":{"line":1,"column":0},"end":{"line":1,"column":19}}},"fnMap":{},"branchMap":{},"s":{"0":1},"f":{},"b":{},"inputSourceMap":null,"_coverageSchema":"1a1c01bbd47fc00a2c39e90264f33305004495a9","hash":"d13a15c1b877a17e6191bc2956b5f01f6bf0d764"}
,"C:\\Users\\Ben\\Code\\ITEC471_472-Tender-Recipe\\assets\\images\\recipefield_bbg.jpg": {"path":"C:\\Users\\Ben\\Code\\ITEC471_472-Tender-Recipe\\assets\\images\\recipefield_bbg.jpg","statementMap":{"0":{"start":{"line":1,"column":0},"end":{"line":1,"column":19}}},"fnMap":{},"branchMap":{},"s":{"0":1},"f":{},"b":{},"inputSourceMap":null,"_coverageSchema":"1a1c01bbd47fc00a2c39e90264f33305004495a9","hash":"9feb68dca38fd7752504cea53f5fe87bbc749785"}
,"C:\\Users\\Ben\\Code\\ITEC471_472-Tender-Recipe\\config\\DatabaseConfig.js": {"path":"C:\\Users\\Ben\\Code\\ITEC471_472-Tender-Recipe\\config\\DatabaseConfig.js","statementMap":{"0":{"start":{"line":4,"column":23},"end":{"line":12,"column":3}},"1":{"start":{"line":14,"column":20},"end":{"line":14,"column":58}},"2":{"start":{"line":15,"column":11},"end":{"line":15,"column":33}}},"fnMap":{},"branchMap":{},"s":{"0":8,"1":8,"2":8},"f":{},"b":{},"_coverageSchema":"1a1c01bbd47fc00a2c39e90264f33305004495a9","hash":"cfcd0c20d59d3675ab4faa6f6e3093c002eae897"}
,"C:\\Users\\Ben\\Code\\ITEC471_472-Tender-Recipe\\navigation\\Navigator.js": {"path":"C:\\Users\\Ben\\Code\\ITEC471_472-Tender-Recipe\\navigation\\Navigator.js","statementMap":{"0":{"start":{"line":25,"column":14},"end":{"line":25,"column":36}},"1":{"start":{"line":27,"column":17},"end":{"line":32,"column":2}},"2":{"start":{"line":27,"column":23},"end":{"line":32,"column":2}},"3":{"start":{"line":35,"column":18},"end":{"line":324,"column":1}},"4":{"start":{"line":37,"column":4},"end":{"line":323,"column":6}},"5":{"start":{"line":58,"column":50},"end":{"line":87,"column":21}},"6":{"start":{"line":70,"column":28},"end":{"line":84,"column":35}},"7":{"start":{"line":82,"column":53},"end":{"line":82,"column":85}},"8":{"start":{"line":103,"column":28},"end":{"line":112,"column":35}},"9":{"start":{"line":131,"column":28},"end":{"line":140,"column":35}},"10":{"start":{"line":160,"column":24},"end":{"line":169,"column":31}},"11":{"start":{"line":189,"column":24},"end":{"line":198,"column":31}},"12":{"start":{"line":218,"column":24},"end":{"line":227,"column":31}},"13":{"start":{"line":247,"column":24},"end":{"line":256,"column":31}},"14":{"start":{"line":275,"column":28},"end":{"line":284,"column":35}}},"fnMap":{"0":{"name":"(anonymous_0)","decl":{"start":{"line":27,"column":17},"end":{"line":27,"column":18}},"loc":{"start":{"line":27,"column":23},"end":{"line":32,"column":2}},"line":27},"1":{"name":"(anonymous_1)","decl":{"start":{"line":35,"column":18},"end":{"line":35,"column":19}},"loc":{"start":{"line":35,"column":27},"end":{"line":324,"column":1}},"line":35},"2":{"name":"(anonymous_2)","decl":{"start":{"line":58,"column":29},"end":{"line":58,"column":30}},"loc":{"start":{"line":58,"column":50},"end":{"line":87,"column":21}},"line":58},"3":{"name":"(anonymous_3)","decl":{"start":{"line":69,"column":37},"end":{"line":69,"column":38}},"loc":{"start":{"line":70,"column":28},"end":{"line":84,"column":35}},"line":70},"4":{"name":"(anonymous_4)","decl":{"start":{"line":82,"column":45},"end":{"line":82,"column":46}},"loc":{"start":{"line":82,"column":51},"end":{"line":82,"column":87}},"line":82},"5":{"name":"(anonymous_5)","decl":{"start":{"line":102,"column":37},"end":{"line":102,"column":38}},"loc":{"start":{"line":103,"column":28},"end":{"line":112,"column":35}},"line":103},"6":{"name":"(anonymous_6)","decl":{"start":{"line":130,"column":37},"end":{"line":130,"column":38}},"loc":{"start":{"line":131,"column":28},"end":{"line":140,"column":35}},"line":131},"7":{"name":"(anonymous_7)","decl":{"start":{"line":159,"column":33},"end":{"line":159,"column":34}},"loc":{"start":{"line":160,"column":24},"end":{"line":169,"column":31}},"line":160},"8":{"name":"(anonymous_8)","decl":{"start":{"line":188,"column":33},"end":{"line":188,"column":34}},"loc":{"start":{"line":189,"column":24},"end":{"line":198,"column":31}},"line":189},"9":{"name":"(anonymous_9)","decl":{"start":{"line":217,"column":33},"end":{"line":217,"column":34}},"loc":{"start":{"line":218,"column":24},"end":{"line":227,"column":31}},"line":218},"10":{"name":"(anonymous_10)","decl":{"start":{"line":246,"column":33},"end":{"line":246,"column":34}},"loc":{"start":{"line":247,"column":24},"end":{"line":256,"column":31}},"line":247},"11":{"name":"(anonymous_11)","decl":{"start":{"line":274,"column":37},"end":{"line":274,"column":38}},"loc":{"start":{"line":275,"column":28},"end":{"line":284,"column":35}},"line":275}},"branchMap":{},"s":{"0":2,"1":2,"2":0,"3":2,"4":1,"5":0,"6":0,"7":0,"8":0,"9":0,"10":0,"11":0,"12":0,"13":0,"14":0},"f":{"0":0,"1":1,"2":0,"3":0,"4":0,"5":0,"6":0,"7":0,"8":0,"9":0,"10":0,"11":0},"b":{},"_coverageSchema":"1a1c01bbd47fc00a2c39e90264f33305004495a9","hash":"dde83f85f13db3a475e7c18a0a2fb084511c66ed"}
,"C:\\Users\\Ben\\Code\\ITEC471_472-Tender-Recipe\\screens\\CreateRecipeScreen.js": {"path":"C:\\Users\\Ben\\Code\\ITEC471_472-Tender-Recipe\\screens\\CreateRecipeScreen.js","statementMap":{"0":{"start":{"line":19,"column":22},"end":{"line":19,"column":53}},"1":{"start":{"line":20,"column":21},"end":{"line":20,"column":51}},"2":{"start":{"line":22,"column":27},"end":{"line":346,"column":1}},"3":{"start":{"line":23,"column":47},"end":{"line":23,"column":62}},"4":{"start":{"line":24,"column":51},"end":{"line":24,"column":66}},"5":{"start":{"line":25,"column":57},"end":{"line":25,"column":72}},"6":{"start":{"line":26,"column":49},"end":{"line":26,"column":64}},"7":{"start":{"line":27,"column":47},"end":{"line":27,"column":62}},"8":{"start":{"line":28,"column":47},"end":{"line":28,"column":62}},"9":{"start":{"line":29,"column":45},"end":{"line":29,"column":60}},"10":{"start":{"line":31,"column":25},"end":{"line":31,"column":37}},"11":{"start":{"line":32,"column":37},"end":{"line":32,"column":49}},"12":{"start":{"line":33,"column":37},"end":{"line":33,"column":49}},"13":{"start":{"line":34,"column":42},"end":{"line":34,"column":56}},"14":{"start":{"line":35,"column":38},"end":{"line":35,"column":52}},"15":{"start":{"line":37,"column":4},"end":{"line":46,"column":13}},"16":{"start":{"line":38,"column":8},"end":{"line":45,"column":13}},"17":{"start":{"line":39,"column":10},"end":{"line":44,"column":11}},"18":{"start":{"line":40,"column":31},"end":{"line":40,"column":86}},"19":{"start":{"line":41,"column":12},"end":{"line":43,"column":13}},"20":{"start":{"line":42,"column":14},"end":{"line":42,"column":81}},"21":{"start":{"line":48,"column":24},"end":{"line":66,"column":7}},"22":{"start":{"line":49,"column":21},"end":{"line":54,"column":10}},"23":{"start":{"line":56,"column":24},"end":{"line":59,"column":11}},"24":{"start":{"line":61,"column":8},"end":{"line":61,"column":28}},"25":{"start":{"line":63,"column":8},"end":{"line":65,"column":9}},"26":{"start":{"line":64,"column":10},"end":{"line":64,"column":37}},"27":{"start":{"line":68,"column":24},"end":{"line":93,"column":5}},"28":{"start":{"line":69,"column":19},"end":{"line":81,"column":12}},"29":{"start":{"line":70,"column":24},"end":{"line":70,"column":44}},"30":{"start":{"line":71,"column":12},"end":{"line":73,"column":14}},"31":{"start":{"line":72,"column":14},"end":{"line":72,"column":36}},"32":{"start":{"line":74,"column":12},"end":{"line":77,"column":14}},"33":{"start":{"line":75,"column":14},"end":{"line":75,"column":29}},"34":{"start":{"line":76,"column":14},"end":{"line":76,"column":62}},"35":{"start":{"line":78,"column":12},"end":{"line":78,"column":38}},"36":{"start":{"line":79,"column":12},"end":{"line":79,"column":39}},"37":{"start":{"line":80,"column":12},"end":{"line":80,"column":27}},"38":{"start":{"line":83,"column":18},"end":{"line":86,"column":21}},"39":{"start":{"line":87,"column":23},"end":{"line":87,"column":42}},"40":{"start":{"line":90,"column":8},"end":{"line":90,"column":21}},"41":{"start":{"line":92,"column":8},"end":{"line":92,"column":51}},"42":{"start":{"line":95,"column":29},"end":{"line":132,"column":5}},"43":{"start":{"line":96,"column":8},"end":{"line":130,"column":9}},"44":{"start":{"line":97,"column":25},"end":{"line":97,"column":55}},"45":{"start":{"line":98,"column":12},"end":{"line":119,"column":39}},"46":{"start":{"line":111,"column":12},"end":{"line":111,"column":36}},"47":{"start":{"line":112,"column":12},"end":{"line":112,"column":52}},"48":{"start":{"line":113,"column":30},"end":{"line":119,"column":38}},"49":{"start":{"line":117,"column":48},"end":{"line":117,"column":73}},"50":{"start":{"line":122,"column":12},"end":{"line":129,"column":13}},"51":{"start":{"line":126,"column":48},"end":{"line":126,"column":82}},"52":{"start":{"line":134,"column":4},"end":{"line":344,"column":6}},"53":{"start":{"line":168,"column":64},"end":{"line":168,"column":77}},"54":{"start":{"line":177,"column":67},"end":{"line":177,"column":94}},"55":{"start":{"line":185,"column":68},"end":{"line":185,"column":97}},"56":{"start":{"line":216,"column":47},"end":{"line":216,"column":84}},"57":{"start":{"line":229,"column":47},"end":{"line":229,"column":80}},"58":{"start":{"line":242,"column":47},"end":{"line":242,"column":90}},"59":{"start":{"line":255,"column":47},"end":{"line":255,"column":82}},"60":{"start":{"line":268,"column":47},"end":{"line":268,"column":80}},"61":{"start":{"line":281,"column":47},"end":{"line":281,"column":80}},"62":{"start":{"line":294,"column":47},"end":{"line":294,"column":78}}},"fnMap":{"0":{"name":"(anonymous_0)","decl":{"start":{"line":22,"column":27},"end":{"line":22,"column":28}},"loc":{"start":{"line":22,"column":39},"end":{"line":346,"column":1}},"line":22},"1":{"name":"(anonymous_1)","decl":{"start":{"line":37,"column":14},"end":{"line":37,"column":15}},"loc":{"start":{"line":37,"column":20},"end":{"line":46,"column":7}},"line":37},"2":{"name":"(anonymous_2)","decl":{"start":{"line":38,"column":9},"end":{"line":38,"column":10}},"loc":{"start":{"line":38,"column":21},"end":{"line":45,"column":9}},"line":38},"3":{"name":"(anonymous_3)","decl":{"start":{"line":48,"column":24},"end":{"line":48,"column":25}},"loc":{"start":{"line":48,"column":36},"end":{"line":66,"column":7}},"line":48},"4":{"name":"(anonymous_4)","decl":{"start":{"line":68,"column":24},"end":{"line":68,"column":25}},"loc":{"start":{"line":68,"column":39},"end":{"line":93,"column":5}},"line":68},"5":{"name":"(anonymous_5)","decl":{"start":{"line":69,"column":37},"end":{"line":69,"column":38}},"loc":{"start":{"line":69,"column":58},"end":{"line":81,"column":11}},"line":69},"6":{"name":"(anonymous_6)","decl":{"start":{"line":71,"column":25},"end":{"line":71,"column":26}},"loc":{"start":{"line":71,"column":36},"end":{"line":73,"column":13}},"line":71},"7":{"name":"(anonymous_7)","decl":{"start":{"line":74,"column":26},"end":{"line":74,"column":27}},"loc":{"start":{"line":74,"column":38},"end":{"line":77,"column":13}},"line":74},"8":{"name":"(anonymous_8)","decl":{"start":{"line":95,"column":29},"end":{"line":95,"column":30}},"loc":{"start":{"line":95,"column":41},"end":{"line":132,"column":5}},"line":95},"9":{"name":"(anonymous_9)","decl":{"start":{"line":110,"column":20},"end":{"line":110,"column":21}},"loc":{"start":{"line":110,"column":26},"end":{"line":113,"column":13}},"line":110},"10":{"name":"(anonymous_10)","decl":{"start":{"line":113,"column":21},"end":{"line":113,"column":22}},"loc":{"start":{"line":113,"column":30},"end":{"line":119,"column":38}},"line":113},"11":{"name":"(anonymous_11)","decl":{"start":{"line":117,"column":42},"end":{"line":117,"column":43}},"loc":{"start":{"line":117,"column":48},"end":{"line":117,"column":73}},"line":117},"12":{"name":"(anonymous_12)","decl":{"start":{"line":126,"column":42},"end":{"line":126,"column":43}},"loc":{"start":{"line":126,"column":48},"end":{"line":126,"column":82}},"line":126},"13":{"name":"(anonymous_13)","decl":{"start":{"line":168,"column":54},"end":{"line":168,"column":55}},"loc":{"start":{"line":168,"column":64},"end":{"line":168,"column":77}},"line":168},"14":{"name":"(anonymous_14)","decl":{"start":{"line":177,"column":50},"end":{"line":177,"column":51}},"loc":{"start":{"line":177,"column":67},"end":{"line":177,"column":94}},"line":177},"15":{"name":"(anonymous_15)","decl":{"start":{"line":185,"column":50},"end":{"line":185,"column":51}},"loc":{"start":{"line":185,"column":68},"end":{"line":185,"column":97}},"line":185},"16":{"name":"(anonymous_16)","decl":{"start":{"line":216,"column":41},"end":{"line":216,"column":42}},"loc":{"start":{"line":216,"column":47},"end":{"line":216,"column":84}},"line":216},"17":{"name":"(anonymous_17)","decl":{"start":{"line":229,"column":41},"end":{"line":229,"column":42}},"loc":{"start":{"line":229,"column":47},"end":{"line":229,"column":80}},"line":229},"18":{"name":"(anonymous_18)","decl":{"start":{"line":242,"column":41},"end":{"line":242,"column":42}},"loc":{"start":{"line":242,"column":47},"end":{"line":242,"column":90}},"line":242},"19":{"name":"(anonymous_19)","decl":{"start":{"line":255,"column":41},"end":{"line":255,"column":42}},"loc":{"start":{"line":255,"column":47},"end":{"line":255,"column":82}},"line":255},"20":{"name":"(anonymous_20)","decl":{"start":{"line":268,"column":41},"end":{"line":268,"column":42}},"loc":{"start":{"line":268,"column":47},"end":{"line":268,"column":80}},"line":268},"21":{"name":"(anonymous_21)","decl":{"start":{"line":281,"column":41},"end":{"line":281,"column":42}},"loc":{"start":{"line":281,"column":47},"end":{"line":281,"column":80}},"line":281},"22":{"name":"(anonymous_22)","decl":{"start":{"line":294,"column":41},"end":{"line":294,"column":42}},"loc":{"start":{"line":294,"column":47},"end":{"line":294,"column":78}},"line":294}},"branchMap":{"0":{"loc":{"start":{"line":39,"column":10},"end":{"line":44,"column":11}},"type":"if","locations":[{"start":{"line":39,"column":10},"end":{"line":44,"column":11}},{"start":{"line":39,"column":10},"end":{"line":44,"column":11}}],"line":39},"1":{"loc":{"start":{"line":41,"column":12},"end":{"line":43,"column":13}},"type":"if","locations":[{"start":{"line":41,"column":12},"end":{"line":43,"column":13}},{"start":{"line":41,"column":12},"end":{"line":43,"column":13}}],"line":41},"2":{"loc":{"start":{"line":63,"column":8},"end":{"line":65,"column":9}},"type":"if","locations":[{"start":{"line":63,"column":8},"end":{"line":65,"column":9}},{"start":{"line":63,"column":8},"end":{"line":65,"column":9}}],"line":63},"3":{"loc":{"start":{"line":96,"column":8},"end":{"line":130,"column":9}},"type":"if","locations":[{"start":{"line":96,"column":8},"end":{"line":130,"column":9}},{"start":{"line":96,"column":8},"end":{"line":130,"column":9}}],"line":96},"4":{"loc":{"start":{"line":96,"column":12},"end":{"line":96,"column":73}},"type":"binary-expr","locations":[{"start":{"line":96,"column":12},"end":{"line":96,"column":19}},{"start":{"line":96,"column":23},"end":{"line":96,"column":35}},{"start":{"line":96,"column":39},"end":{"line":96,"column":50}},{"start":{"line":96,"column":54},"end":{"line":96,"column":73}}],"line":96},"5":{"loc":{"start":{"line":318,"column":37},"end":{"line":318,"column":146}},"type":"binary-expr","locations":[{"start":{"line":318,"column":37},"end":{"line":318,"column":48}},{"start":{"line":318,"column":52},"end":{"line":318,"column":146}}],"line":318}},"s":{"0":3,"1":3,"2":3,"3":1,"4":1,"5":1,"6":1,"7":1,"8":1,"9":1,"10":1,"11":1,"12":1,"13":1,"14":1,"15":1,"16":0,"17":0,"18":0,"19":0,"20":0,"21":1,"22":0,"23":0,"24":0,"25":0,"26":0,"27":1,"28":0,"29":0,"30":0,"31":0,"32":0,"33":0,"34":0,"35":0,"36":0,"37":0,"38":0,"39":0,"40":0,"41":0,"42":1,"43":0,"44":0,"45":0,"46":0,"47":0,"48":0,"49":0,"50":0,"51":0,"52":1,"53":0,"54":0,"55":0,"56":0,"57":0,"58":0,"59":0,"60":0,"61":0,"62":0},"f":{"0":1,"1":0,"2":0,"3":0,"4":0,"5":0,"6":0,"7":0,"8":0,"9":0,"10":0,"11":0,"12":0,"13":0,"14":0,"15":0,"16":0,"17":0,"18":0,"19":0,"20":0,"21":0,"22":0},"b":{"0":[0,0],"1":[0,0],"2":[0,0],"3":[0,0],"4":[0,0,0,0],"5":[1,0]},"_coverageSchema":"1a1c01bbd47fc00a2c39e90264f33305004495a9","hash":"4af132b1408ef68f3ab634cde2c27e5b87f41ef2"}
,"C:\\Users\\Ben\\Code\\ITEC471_472-Tender-Recipe\\screens\\LoginScreen.js": {"path":"C:\\Users\\Ben\\Code\\ITEC471_472-Tender-Recipe\\screens\\LoginScreen.js","statementMap":{"0":{"start":{"line":21,"column":22},"end":{"line":21,"column":53}},"1":{"start":{"line":22,"column":21},"end":{"line":22,"column":51}},"2":{"start":{"line":24,"column":20},"end":{"line":184,"column":1}},"3":{"start":{"line":26,"column":34},"end":{"line":26,"column":49}},"4":{"start":{"line":27,"column":25},"end":{"line":32,"column":5}},"5":{"start":{"line":28,"column":8},"end":{"line":28,"column":25}},"6":{"start":{"line":29,"column":8},"end":{"line":31,"column":17}},"7":{"start":{"line":30,"column":12},"end":{"line":30,"column":30}},"8":{"start":{"line":33,"column":30},"end":{"line":33,"column":42}},"9":{"start":{"line":34,"column":36},"end":{"line":34,"column":48}},"10":{"start":{"line":36,"column":22},"end":{"line":53,"column":5}},"11":{"start":{"line":38,"column":6},"end":{"line":38,"column":21}},"12":{"start":{"line":40,"column":6},"end":{"line":52,"column":7}},"13":{"start":{"line":43,"column":18},"end":{"line":43,"column":58}},"14":{"start":{"line":44,"column":22},"end":{"line":51,"column":9}},"15":{"start":{"line":48,"column":41},"end":{"line":48,"column":66}},"16":{"start":{"line":56,"column":27},"end":{"line":73,"column":7}},"17":{"start":{"line":58,"column":8},"end":{"line":58,"column":23}},"18":{"start":{"line":60,"column":8},"end":{"line":72,"column":9}},"19":{"start":{"line":63,"column":20},"end":{"line":63,"column":60}},"20":{"start":{"line":64,"column":24},"end":{"line":71,"column":11}},"21":{"start":{"line":68,"column":43},"end":{"line":68,"column":68}},"22":{"start":{"line":76,"column":25},"end":{"line":101,"column":5}},"23":{"start":{"line":77,"column":8},"end":{"line":100,"column":9}},"24":{"start":{"line":78,"column":12},"end":{"line":78,"column":51}},"25":{"start":{"line":81,"column":12},"end":{"line":99,"column":14}},"26":{"start":{"line":84,"column":24},"end":{"line":91,"column":13}},"27":{"start":{"line":88,"column":48},"end":{"line":88,"column":82}},"28":{"start":{"line":92,"column":28},"end":{"line":99,"column":13}},"29":{"start":{"line":96,"column":48},"end":{"line":96,"column":73}},"30":{"start":{"line":103,"column":4},"end":{"line":183,"column":6}},"31":{"start":{"line":131,"column":49},"end":{"line":131,"column":64}},"32":{"start":{"line":143,"column":52},"end":{"line":143,"column":73}},"33":{"start":{"line":157,"column":39},"end":{"line":157,"column":82}}},"fnMap":{"0":{"name":"(anonymous_0)","decl":{"start":{"line":24,"column":20},"end":{"line":24,"column":21}},"loc":{"start":{"line":24,"column":31},"end":{"line":184,"column":1}},"line":24},"1":{"name":"(anonymous_1)","decl":{"start":{"line":27,"column":25},"end":{"line":27,"column":26}},"loc":{"start":{"line":27,"column":31},"end":{"line":32,"column":5}},"line":27},"2":{"name":"(anonymous_2)","decl":{"start":{"line":29,"column":19},"end":{"line":29,"column":20}},"loc":{"start":{"line":29,"column":25},"end":{"line":31,"column":9}},"line":29},"3":{"name":"(anonymous_3)","decl":{"start":{"line":36,"column":22},"end":{"line":36,"column":23}},"loc":{"start":{"line":36,"column":28},"end":{"line":53,"column":5}},"line":36},"4":{"name":"(anonymous_4)","decl":{"start":{"line":43,"column":12},"end":{"line":43,"column":13}},"loc":{"start":{"line":43,"column":18},"end":{"line":43,"column":58}},"line":43},"5":{"name":"(anonymous_5)","decl":{"start":{"line":44,"column":13},"end":{"line":44,"column":14}},"loc":{"start":{"line":44,"column":22},"end":{"line":51,"column":9}},"line":44},"6":{"name":"(anonymous_6)","decl":{"start":{"line":48,"column":35},"end":{"line":48,"column":36}},"loc":{"start":{"line":48,"column":41},"end":{"line":48,"column":66}},"line":48},"7":{"name":"(anonymous_7)","decl":{"start":{"line":56,"column":27},"end":{"line":56,"column":28}},"loc":{"start":{"line":56,"column":33},"end":{"line":73,"column":7}},"line":56},"8":{"name":"(anonymous_8)","decl":{"start":{"line":63,"column":14},"end":{"line":63,"column":15}},"loc":{"start":{"line":63,"column":20},"end":{"line":63,"column":60}},"line":63},"9":{"name":"(anonymous_9)","decl":{"start":{"line":64,"column":15},"end":{"line":64,"column":16}},"loc":{"start":{"line":64,"column":24},"end":{"line":71,"column":11}},"line":64},"10":{"name":"(anonymous_10)","decl":{"start":{"line":68,"column":37},"end":{"line":68,"column":38}},"loc":{"start":{"line":68,"column":43},"end":{"line":68,"column":68}},"line":68},"11":{"name":"(anonymous_11)","decl":{"start":{"line":76,"column":25},"end":{"line":76,"column":26}},"loc":{"start":{"line":76,"column":31},"end":{"line":101,"column":5}},"line":76},"12":{"name":"(anonymous_12)","decl":{"start":{"line":84,"column":18},"end":{"line":84,"column":19}},"loc":{"start":{"line":84,"column":24},"end":{"line":91,"column":13}},"line":84},"13":{"name":"(anonymous_13)","decl":{"start":{"line":88,"column":42},"end":{"line":88,"column":43}},"loc":{"start":{"line":88,"column":48},"end":{"line":88,"column":82}},"line":88},"14":{"name":"(anonymous_14)","decl":{"start":{"line":92,"column":19},"end":{"line":92,"column":20}},"loc":{"start":{"line":92,"column":28},"end":{"line":99,"column":13}},"line":92},"15":{"name":"(anonymous_15)","decl":{"start":{"line":96,"column":42},"end":{"line":96,"column":43}},"loc":{"start":{"line":96,"column":48},"end":{"line":96,"column":73}},"line":96},"16":{"name":"(anonymous_16)","decl":{"start":{"line":131,"column":38},"end":{"line":131,"column":39}},"loc":{"start":{"line":131,"column":49},"end":{"line":131,"column":64}},"line":131},"17":{"name":"(anonymous_17)","decl":{"start":{"line":143,"column":38},"end":{"line":143,"column":39}},"loc":{"start":{"line":143,"column":52},"end":{"line":143,"column":73}},"line":143},"18":{"name":"(anonymous_18)","decl":{"start":{"line":157,"column":33},"end":{"line":157,"column":34}},"loc":{"start":{"line":157,"column":39},"end":{"line":157,"column":82}},"line":157}},"branchMap":{"0":{"loc":{"start":{"line":77,"column":8},"end":{"line":100,"column":9}},"type":"if","locations":[{"start":{"line":77,"column":8},"end":{"line":100,"column":9}},{"start":{"line":77,"column":8},"end":{"line":100,"column":9}}],"line":77},"1":{"loc":{"start":{"line":77,"column":11},"end":{"line":77,"column":42}},"type":"binary-expr","locations":[{"start":{"line":77,"column":11},"end":{"line":77,"column":23}},{"start":{"line":77,"column":27},"end":{"line":77,"column":42}}],"line":77}},"s":{"0":3,"1":3,"2":3,"3":2,"4":2,"5":0,"6":0,"7":0,"8":2,"9":2,"10":2,"11":0,"12":0,"13":0,"14":0,"15":0,"16":2,"17":0,"18":0,"19":0,"20":0,"21":0,"22":2,"23":0,"24":0,"25":0,"26":0,"27":0,"28":0,"29":0,"30":2,"31":0,"32":0,"33":0},"f":{"0":2,"1":0,"2":0,"3":0,"4":0,"5":0,"6":0,"7":0,"8":0,"9":0,"10":0,"11":0,"12":0,"13":0,"14":0,"15":0,"16":0,"17":0,"18":0},"b":{"0":[0,0],"1":[0,0]},"_coverageSchema":"1a1c01bbd47fc00a2c39e90264f33305004495a9","hash":"707df163d884f13ab2d24fce73314ab6418c7809"}
,"C:\\Users\\Ben\\Code\\ITEC471_472-Tender-Recipe\\screens\\MainScreen.js": {"path":"C:\\Users\\Ben\\Code\\ITEC471_472-Tender-Recipe\\screens\\MainScreen.js","statementMap":{"0":{"start":{"line":14,"column":22},"end":{"line":14,"column":58}},"1":{"start":{"line":15,"column":21},"end":{"line":15,"column":51}},"2":{"start":{"line":19,"column":16},"end":{"line":32,"column":1}},"3":{"start":{"line":34,"column":18},"end":{"line":46,"column":1}},"4":{"start":{"line":51,"column":8},"end":{"line":51,"column":20}},"5":{"start":{"line":53,"column":8},"end":{"line":53,"column":46}},"6":{"start":{"line":54,"column":8},"end":{"line":62,"column":9}},"7":{"start":{"line":64,"column":8},"end":{"line":68,"column":10}},"8":{"start":{"line":70,"column":8},"end":{"line":76,"column":9}},"9":{"start":{"line":78,"column":8},"end":{"line":82,"column":10}},"10":{"start":{"line":83,"column":8},"end":{"line":87,"column":10}},"11":{"start":{"line":89,"column":8},"end":{"line":93,"column":10}},"12":{"start":{"line":94,"column":8},"end":{"line":98,"column":10}},"13":{"start":{"line":104,"column":8},"end":{"line":104,"column":40}},"14":{"start":{"line":109,"column":18},"end":{"line":109,"column":65}},"15":{"start":{"line":110,"column":8},"end":{"line":110,"column":26}},"16":{"start":{"line":111,"column":8},"end":{"line":113,"column":10}},"17":{"start":{"line":112,"column":12},"end":{"line":112,"column":50}},"18":{"start":{"line":121,"column":8},"end":{"line":123,"column":11}},"19":{"start":{"line":122,"column":12},"end":{"line":122,"column":39}},"20":{"start":{"line":125,"column":28},"end":{"line":125,"column":62}},"21":{"start":{"line":126,"column":8},"end":{"line":126,"column":100}},"22":{"start":{"line":126,"column":74},"end":{"line":126,"column":98}},"23":{"start":{"line":134,"column":8},"end":{"line":136,"column":11}},"24":{"start":{"line":135,"column":12},"end":{"line":135,"column":39}},"25":{"start":{"line":138,"column":8},"end":{"line":138,"column":30}},"26":{"start":{"line":139,"column":8},"end":{"line":139,"column":44}},"27":{"start":{"line":140,"column":8},"end":{"line":140,"column":46}},"28":{"start":{"line":141,"column":8},"end":{"line":141,"column":46}},"29":{"start":{"line":142,"column":8},"end":{"line":142,"column":52}},"30":{"start":{"line":143,"column":8},"end":{"line":143,"column":61}},"31":{"start":{"line":144,"column":8},"end":{"line":144,"column":49}},"32":{"start":{"line":145,"column":8},"end":{"line":145,"column":46}},"33":{"start":{"line":146,"column":8},"end":{"line":146,"column":46}},"34":{"start":{"line":147,"column":8},"end":{"line":147,"column":43}},"35":{"start":{"line":149,"column":8},"end":{"line":149,"column":62}},"36":{"start":{"line":151,"column":8},"end":{"line":163,"column":9}},"37":{"start":{"line":160,"column":44},"end":{"line":160,"column":81}},"38":{"start":{"line":168,"column":8},"end":{"line":179,"column":11}},"39":{"start":{"line":169,"column":26},"end":{"line":169,"column":28}},"40":{"start":{"line":171,"column":8},"end":{"line":176,"column":11}},"41":{"start":{"line":172,"column":12},"end":{"line":175,"column":15}},"42":{"start":{"line":178,"column":8},"end":{"line":178,"column":47}},"43":{"start":{"line":180,"column":8},"end":{"line":251,"column":10}},"44":{"start":{"line":182,"column":65},"end":{"line":182,"column":69}},"45":{"start":{"line":185,"column":16},"end":{"line":185,"column":82}},"46":{"start":{"line":190,"column":16},"end":{"line":249,"column":17}},"47":{"start":{"line":191,"column":20},"end":{"line":200,"column":22}},"48":{"start":{"line":195,"column":34},"end":{"line":195,"column":81}},"49":{"start":{"line":196,"column":24},"end":{"line":196,"column":42}},"50":{"start":{"line":197,"column":24},"end":{"line":199,"column":26}},"51":{"start":{"line":198,"column":28},"end":{"line":198,"column":66}},"52":{"start":{"line":204,"column":21},"end":{"line":249,"column":17}},"53":{"start":{"line":205,"column":20},"end":{"line":213,"column":22}},"54":{"start":{"line":209,"column":34},"end":{"line":209,"column":81}},"55":{"start":{"line":210,"column":24},"end":{"line":212,"column":26}},"56":{"start":{"line":211,"column":28},"end":{"line":211,"column":66}},"57":{"start":{"line":217,"column":21},"end":{"line":249,"column":17}},"58":{"start":{"line":218,"column":20},"end":{"line":227,"column":22}},"59":{"start":{"line":222,"column":34},"end":{"line":222,"column":81}},"60":{"start":{"line":223,"column":24},"end":{"line":223,"column":42}},"61":{"start":{"line":224,"column":24},"end":{"line":226,"column":26}},"62":{"start":{"line":225,"column":28},"end":{"line":225,"column":66}},"63":{"start":{"line":231,"column":21},"end":{"line":249,"column":17}},"64":{"start":{"line":232,"column":20},"end":{"line":241,"column":22}},"65":{"start":{"line":236,"column":34},"end":{"line":236,"column":81}},"66":{"start":{"line":237,"column":24},"end":{"line":237,"column":42}},"67":{"start":{"line":238,"column":24},"end":{"line":240,"column":26}},"68":{"start":{"line":239,"column":28},"end":{"line":239,"column":66}},"69":{"start":{"line":244,"column":20},"end":{"line":248,"column":30}},"70":{"start":{"line":254,"column":23},"end":{"line":258,"column":5}},"71":{"start":{"line":255,"column":24},"end":{"line":255,"column":45}},"72":{"start":{"line":256,"column":8},"end":{"line":256,"column":27}},"73":{"start":{"line":257,"column":8},"end":{"line":257,"column":49}},"74":{"start":{"line":260,"column":21},"end":{"line":262,"column":5}},"75":{"start":{"line":261,"column":8},"end":{"line":261,"column":60}},"76":{"start":{"line":264,"column":18},"end":{"line":268,"column":5}},"77":{"start":{"line":265,"column":8},"end":{"line":267,"column":11}},"78":{"start":{"line":270,"column":19},"end":{"line":281,"column":5}},"79":{"start":{"line":271,"column":8},"end":{"line":280,"column":10}},"80":{"start":{"line":283,"column":20},"end":{"line":295,"column":5}},"81":{"start":{"line":284,"column":8},"end":{"line":294,"column":10}},"82":{"start":{"line":297,"column":20},"end":{"line":349,"column":5}},"83":{"start":{"line":299,"column":8},"end":{"line":348,"column":20}},"84":{"start":{"line":302,"column":12},"end":{"line":347,"column":13}},"85":{"start":{"line":303,"column":16},"end":{"line":303,"column":27}},"86":{"start":{"line":305,"column":17},"end":{"line":347,"column":13}},"87":{"start":{"line":306,"column":16},"end":{"line":322,"column":17}},"88":{"start":{"line":325,"column":16},"end":{"line":346,"column":17}},"89":{"start":{"line":352,"column":51},"end":{"line":352,"column":61}},"90":{"start":{"line":353,"column":8},"end":{"line":450,"column":10}},"91":{"start":{"line":371,"column":28},"end":{"line":371,"column":70}},"92":{"start":{"line":403,"column":44},"end":{"line":403,"column":91}},"93":{"start":{"line":425,"column":43},"end":{"line":425,"column":72}},"94":{"start":{"line":434,"column":43},"end":{"line":434,"column":95}},"95":{"start":{"line":441,"column":43},"end":{"line":441,"column":94}}},"fnMap":{"0":{"name":"(anonymous_0)","decl":{"start":{"line":50,"column":4},"end":{"line":50,"column":5}},"loc":{"start":{"line":50,"column":23},"end":{"line":100,"column":5}},"line":50},"1":{"name":"(anonymous_1)","decl":{"start":{"line":103,"column":4},"end":{"line":103,"column":5}},"loc":{"start":{"line":103,"column":29},"end":{"line":105,"column":5}},"line":103},"2":{"name":"(anonymous_2)","decl":{"start":{"line":108,"column":4},"end":{"line":108,"column":5}},"loc":{"start":{"line":108,"column":17},"end":{"line":114,"column":5}},"line":108},"3":{"name":"(anonymous_3)","decl":{"start":{"line":111,"column":69},"end":{"line":111,"column":70}},"loc":{"start":{"line":111,"column":75},"end":{"line":113,"column":9}},"line":111},"4":{"name":"(anonymous_4)","decl":{"start":{"line":118,"column":4},"end":{"line":118,"column":5}},"loc":{"start":{"line":118,"column":20},"end":{"line":127,"column":5}},"line":118},"5":{"name":"(anonymous_5)","decl":{"start":{"line":121,"column":44},"end":{"line":121,"column":45}},"loc":{"start":{"line":121,"column":57},"end":{"line":123,"column":9}},"line":121},"6":{"name":"(anonymous_6)","decl":{"start":{"line":126,"column":68},"end":{"line":126,"column":69}},"loc":{"start":{"line":126,"column":74},"end":{"line":126,"column":98}},"line":126},"7":{"name":"(anonymous_7)","decl":{"start":{"line":130,"column":4},"end":{"line":130,"column":5}},"loc":{"start":{"line":130,"column":20},"end":{"line":164,"column":5}},"line":130},"8":{"name":"(anonymous_8)","decl":{"start":{"line":134,"column":44},"end":{"line":134,"column":45}},"loc":{"start":{"line":134,"column":57},"end":{"line":136,"column":9}},"line":134},"9":{"name":"(anonymous_9)","decl":{"start":{"line":160,"column":38},"end":{"line":160,"column":39}},"loc":{"start":{"line":160,"column":44},"end":{"line":160,"column":81}},"line":160},"10":{"name":"(anonymous_10)","decl":{"start":{"line":166,"column":4},"end":{"line":166,"column":5}},"loc":{"start":{"line":166,"column":24},"end":{"line":252,"column":5}},"line":166},"11":{"name":"(anonymous_11)","decl":{"start":{"line":168,"column":39},"end":{"line":168,"column":40}},"loc":{"start":{"line":168,"column":53},"end":{"line":179,"column":9}},"line":168},"12":{"name":"(anonymous_12)","decl":{"start":{"line":171,"column":26},"end":{"line":171,"column":27}},"loc":{"start":{"line":171,"column":36},"end":{"line":176,"column":9}},"line":171},"13":{"name":"(anonymous_13)","decl":{"start":{"line":182,"column":42},"end":{"line":182,"column":43}},"loc":{"start":{"line":182,"column":65},"end":{"line":182,"column":69}},"line":182},"14":{"name":"(anonymous_14)","decl":{"start":{"line":183,"column":32},"end":{"line":183,"column":33}},"loc":{"start":{"line":183,"column":55},"end":{"line":186,"column":13}},"line":183},"15":{"name":"(anonymous_15)","decl":{"start":{"line":187,"column":35},"end":{"line":187,"column":36}},"loc":{"start":{"line":187,"column":58},"end":{"line":250,"column":13}},"line":187},"16":{"name":"(anonymous_16)","decl":{"start":{"line":194,"column":29},"end":{"line":194,"column":30}},"loc":{"start":{"line":194,"column":35},"end":{"line":200,"column":21}},"line":194},"17":{"name":"(anonymous_17)","decl":{"start":{"line":197,"column":85},"end":{"line":197,"column":86}},"loc":{"start":{"line":197,"column":91},"end":{"line":199,"column":25}},"line":197},"18":{"name":"(anonymous_18)","decl":{"start":{"line":208,"column":29},"end":{"line":208,"column":30}},"loc":{"start":{"line":208,"column":35},"end":{"line":213,"column":21}},"line":208},"19":{"name":"(anonymous_19)","decl":{"start":{"line":210,"column":85},"end":{"line":210,"column":86}},"loc":{"start":{"line":210,"column":91},"end":{"line":212,"column":25}},"line":210},"20":{"name":"(anonymous_20)","decl":{"start":{"line":221,"column":29},"end":{"line":221,"column":30}},"loc":{"start":{"line":221,"column":35},"end":{"line":227,"column":21}},"line":221},"21":{"name":"(anonymous_21)","decl":{"start":{"line":224,"column":81},"end":{"line":224,"column":82}},"loc":{"start":{"line":224,"column":87},"end":{"line":226,"column":25}},"line":224},"22":{"name":"(anonymous_22)","decl":{"start":{"line":235,"column":29},"end":{"line":235,"column":30}},"loc":{"start":{"line":235,"column":35},"end":{"line":241,"column":21}},"line":235},"23":{"name":"(anonymous_23)","decl":{"start":{"line":238,"column":81},"end":{"line":238,"column":82}},"loc":{"start":{"line":238,"column":87},"end":{"line":240,"column":25}},"line":238},"24":{"name":"(anonymous_24)","decl":{"start":{"line":254,"column":23},"end":{"line":254,"column":24}},"loc":{"start":{"line":254,"column":35},"end":{"line":258,"column":5}},"line":254},"25":{"name":"(anonymous_25)","decl":{"start":{"line":260,"column":21},"end":{"line":260,"column":22}},"loc":{"start":{"line":260,"column":27},"end":{"line":262,"column":5}},"line":260},"26":{"name":"(anonymous_26)","decl":{"start":{"line":264,"column":18},"end":{"line":264,"column":19}},"loc":{"start":{"line":264,"column":30},"end":{"line":268,"column":5}},"line":264},"27":{"name":"(anonymous_27)","decl":{"start":{"line":270,"column":19},"end":{"line":270,"column":20}},"loc":{"start":{"line":270,"column":45},"end":{"line":281,"column":5}},"line":270},"28":{"name":"(anonymous_28)","decl":{"start":{"line":283,"column":20},"end":{"line":283,"column":21}},"loc":{"start":{"line":283,"column":46},"end":{"line":295,"column":5}},"line":283},"29":{"name":"(anonymous_29)","decl":{"start":{"line":297,"column":20},"end":{"line":297,"column":21}},"loc":{"start":{"line":297,"column":26},"end":{"line":349,"column":5}},"line":297},"30":{"name":"(anonymous_30)","decl":{"start":{"line":299,"column":38},"end":{"line":299,"column":39}},"loc":{"start":{"line":299,"column":51},"end":{"line":348,"column":9}},"line":299},"31":{"name":"(anonymous_31)","decl":{"start":{"line":351,"column":4},"end":{"line":351,"column":5}},"loc":{"start":{"line":351,"column":13},"end":{"line":451,"column":5}},"line":351},"32":{"name":"(anonymous_32)","decl":{"start":{"line":370,"column":40},"end":{"line":370,"column":41}},"loc":{"start":{"line":370,"column":46},"end":{"line":372,"column":25}},"line":370},"33":{"name":"(anonymous_33)","decl":{"start":{"line":402,"column":49},"end":{"line":402,"column":50}},"loc":{"start":{"line":402,"column":55},"end":{"line":404,"column":41}},"line":402},"34":{"name":"(anonymous_34)","decl":{"start":{"line":425,"column":37},"end":{"line":425,"column":38}},"loc":{"start":{"line":425,"column":43},"end":{"line":425,"column":72}},"line":425},"35":{"name":"(anonymous_35)","decl":{"start":{"line":434,"column":37},"end":{"line":434,"column":38}},"loc":{"start":{"line":434,"column":43},"end":{"line":434,"column":95}},"line":434},"36":{"name":"(anonymous_36)","decl":{"start":{"line":441,"column":37},"end":{"line":441,"column":38}},"loc":{"start":{"line":441,"column":43},"end":{"line":441,"column":94}},"line":441}},"branchMap":{"0":{"loc":{"start":{"line":141,"column":15},"end":{"line":141,"column":45}},"type":"cond-expr","locations":[{"start":{"line":141,"column":32},"end":{"line":141,"column":40}},{"start":{"line":141,"column":43},"end":{"line":141,"column":45}}],"line":141},"1":{"loc":{"start":{"line":142,"column":17},"end":{"line":142,"column":51}},"type":"cond-expr","locations":[{"start":{"line":142,"column":36},"end":{"line":142,"column":46}},{"start":{"line":142,"column":49},"end":{"line":142,"column":51}}],"line":142},"2":{"loc":{"start":{"line":143,"column":20},"end":{"line":143,"column":60}},"type":"cond-expr","locations":[{"start":{"line":143,"column":42},"end":{"line":143,"column":55}},{"start":{"line":143,"column":58},"end":{"line":143,"column":60}}],"line":143},"3":{"loc":{"start":{"line":144,"column":16},"end":{"line":144,"column":48}},"type":"cond-expr","locations":[{"start":{"line":144,"column":34},"end":{"line":144,"column":43}},{"start":{"line":144,"column":46},"end":{"line":144,"column":48}}],"line":144},"4":{"loc":{"start":{"line":145,"column":15},"end":{"line":145,"column":45}},"type":"cond-expr","locations":[{"start":{"line":145,"column":32},"end":{"line":145,"column":40}},{"start":{"line":145,"column":43},"end":{"line":145,"column":45}}],"line":145},"5":{"loc":{"start":{"line":146,"column":15},"end":{"line":146,"column":45}},"type":"cond-expr","locations":[{"start":{"line":146,"column":32},"end":{"line":146,"column":40}},{"start":{"line":146,"column":43},"end":{"line":146,"column":45}}],"line":146},"6":{"loc":{"start":{"line":147,"column":14},"end":{"line":147,"column":42}},"type":"cond-expr","locations":[{"start":{"line":147,"column":30},"end":{"line":147,"column":37}},{"start":{"line":147,"column":40},"end":{"line":147,"column":42}}],"line":147},"7":{"loc":{"start":{"line":190,"column":16},"end":{"line":249,"column":17}},"type":"if","locations":[{"start":{"line":190,"column":16},"end":{"line":249,"column":17}},{"start":{"line":190,"column":16},"end":{"line":249,"column":17}}],"line":190},"8":{"loc":{"start":{"line":204,"column":21},"end":{"line":249,"column":17}},"type":"if","locations":[{"start":{"line":204,"column":21},"end":{"line":249,"column":17}},{"start":{"line":204,"column":21},"end":{"line":249,"column":17}}],"line":204},"9":{"loc":{"start":{"line":217,"column":21},"end":{"line":249,"column":17}},"type":"if","locations":[{"start":{"line":217,"column":21},"end":{"line":249,"column":17}},{"start":{"line":217,"column":21},"end":{"line":249,"column":17}}],"line":217},"10":{"loc":{"start":{"line":231,"column":21},"end":{"line":249,"column":17}},"type":"if","locations":[{"start":{"line":231,"column":21},"end":{"line":249,"column":17}},{"start":{"line":231,"column":21},"end":{"line":249,"column":17}}],"line":231},"11":{"loc":{"start":{"line":266,"column":28},"end":{"line":266,"column":72}},"type":"cond-expr","locations":[{"start":{"line":266,"column":59},"end":{"line":266,"column":61}},{"start":{"line":266,"column":64},"end":{"line":266,"column":72}}],"line":266},"12":{"loc":{"start":{"line":287,"column":40},"end":{"line":287,"column":82}},"type":"cond-expr","locations":[{"start":{"line":287,"column":51},"end":{"line":287,"column":64}},{"start":{"line":287,"column":67},"end":{"line":287,"column":82}}],"line":287},"13":{"loc":{"start":{"line":290,"column":44},"end":{"line":290,"column":79}},"type":"cond-expr","locations":[{"start":{"line":290,"column":55},"end":{"line":290,"column":67}},{"start":{"line":290,"column":70},"end":{"line":290,"column":79}}],"line":290},"14":{"loc":{"start":{"line":302,"column":12},"end":{"line":347,"column":13}},"type":"if","locations":[{"start":{"line":302,"column":12},"end":{"line":347,"column":13}},{"start":{"line":302,"column":12},"end":{"line":347,"column":13}}],"line":302},"15":{"loc":{"start":{"line":305,"column":17},"end":{"line":347,"column":13}},"type":"if","locations":[{"start":{"line":305,"column":17},"end":{"line":347,"column":13}},{"start":{"line":305,"column":17},"end":{"line":347,"column":13}}],"line":305}},"s":{"0":3,"1":3,"2":3,"3":3,"4":1,"5":1,"6":1,"7":1,"8":1,"9":1,"10":1,"11":1,"12":1,"13":0,"14":0,"15":0,"16":0,"17":0,"18":0,"19":0,"20":0,"21":0,"22":0,"23":0,"24":0,"25":0,"26":0,"27":0,"28":0,"29":0,"30":0,"31":0,"32":0,"33":0,"34":0,"35":0,"36":0,"37":0,"38":1,"39":0,"40":0,"41":0,"42":0,"43":1,"44":0,"45":0,"46":0,"47":0,"48":0,"49":0,"50":0,"51":0,"52":0,"53":0,"54":0,"55":0,"56":0,"57":0,"58":0,"59":0,"60":0,"61":0,"62":0,"63":0,"64":0,"65":0,"66":0,"67":0,"68":0,"69":0,"70":1,"71":0,"72":0,"73":0,"74":1,"75":0,"76":1,"77":0,"78":1,"79":3,"80":1,"81":3,"82":1,"83":1,"84":0,"85":0,"86":0,"87":0,"88":0,"89":1,"90":1,"91":0,"92":0,"93":0,"94":0,"95":0},"f":{"0":1,"1":0,"2":0,"3":0,"4":0,"5":0,"6":0,"7":0,"8":0,"9":0,"10":1,"11":0,"12":0,"13":0,"14":0,"15":0,"16":0,"17":0,"18":0,"19":0,"20":0,"21":0,"22":0,"23":0,"24":0,"25":0,"26":0,"27":3,"28":3,"29":1,"30":0,"31":1,"32":0,"33":0,"34":0,"35":0,"36":0},"b":{"0":[0,0],"1":[0,0],"2":[0,0],"3":[0,0],"4":[0,0],"5":[0,0],"6":[0,0],"7":[0,0],"8":[0,0],"9":[0,0],"10":[0,0],"11":[0,0],"12":[0,3],"13":[0,3],"14":[0,0],"15":[0,0]},"_coverageSchema":"1a1c01bbd47fc00a2c39e90264f33305004495a9","hash":"d1e48cd30e1dde2769791f10a9c488d78071913d"}
,"C:\\Users\\Ben\\Code\\ITEC471_472-Tender-Recipe\\screens\\MealPlannerScreen.js": {"path":"C:\\Users\\Ben\\Code\\ITEC471_472-Tender-Recipe\\screens\\MealPlannerScreen.js","statementMap":{"0":{"start":{"line":11,"column":21},"end":{"line":14,"column":1}},"1":{"start":{"line":12,"column":17},"end":{"line":12,"column":31}},"2":{"start":{"line":13,"column":4},"end":{"line":13,"column":44}},"3":{"start":{"line":16,"column":26},"end":{"line":155,"column":1}},"4":{"start":{"line":17,"column":30},"end":{"line":17,"column":42}},"5":{"start":{"line":18,"column":26},"end":{"line":18,"column":38}},"6":{"start":{"line":20,"column":29},"end":{"line":22,"column":5}},"7":{"start":{"line":25,"column":25},"end":{"line":47,"column":5}},"8":{"start":{"line":26,"column":22},"end":{"line":29,"column":10}},"9":{"start":{"line":30,"column":8},"end":{"line":46,"column":9}},"10":{"start":{"line":32,"column":49},"end":{"line":32,"column":79}},"11":{"start":{"line":49,"column":22},"end":{"line":78,"column":5}},"12":{"start":{"line":50,"column":8},"end":{"line":50,"column":42}},"13":{"start":{"line":51,"column":8},"end":{"line":76,"column":17}},"14":{"start":{"line":53,"column":32},"end":{"line":53,"column":66}},"15":{"start":{"line":55,"column":12},"end":{"line":55,"column":33}},"16":{"start":{"line":57,"column":26},"end":{"line":57,"column":28}},"17":{"start":{"line":59,"column":12},"end":{"line":67,"column":14}},"18":{"start":{"line":60,"column":16},"end":{"line":66,"column":18}},"19":{"start":{"line":61,"column":31},"end":{"line":61,"column":50}},"20":{"start":{"line":62,"column":20},"end":{"line":62,"column":37}},"21":{"start":{"line":63,"column":20},"end":{"line":65,"column":21}},"22":{"start":{"line":64,"column":24},"end":{"line":64,"column":147}},"23":{"start":{"line":69,"column":12},"end":{"line":69,"column":43}},"24":{"start":{"line":70,"column":12},"end":{"line":70,"column":32}},"25":{"start":{"line":75,"column":12},"end":{"line":75,"column":30}},"26":{"start":{"line":80,"column":29},"end":{"line":94,"column":5}},"27":{"start":{"line":81,"column":8},"end":{"line":93,"column":12}},"28":{"start":{"line":87,"column":31},"end":{"line":87,"column":56}},"29":{"start":{"line":90,"column":44},"end":{"line":90,"column":63}},"30":{"start":{"line":96,"column":23},"end":{"line":101,"column":5}},"31":{"start":{"line":97,"column":8},"end":{"line":100,"column":10}},"32":{"start":{"line":98,"column":12},"end":{"line":98,"column":55}},"33":{"start":{"line":99,"column":12},"end":{"line":99,"column":25}},"34":{"start":{"line":103,"column":23},"end":{"line":125,"column":5}},"35":{"start":{"line":106,"column":8},"end":{"line":124,"column":10}},"36":{"start":{"line":107,"column":85},"end":{"line":107,"column":111}},"37":{"start":{"line":127,"column":4},"end":{"line":154,"column":6}},"38":{"start":{"line":157,"column":15},"end":{"line":187,"column":2}}},"fnMap":{"0":{"name":"(anonymous_0)","decl":{"start":{"line":11,"column":21},"end":{"line":11,"column":22}},"loc":{"start":{"line":11,"column":31},"end":{"line":14,"column":1}},"line":11},"1":{"name":"(anonymous_1)","decl":{"start":{"line":16,"column":26},"end":{"line":16,"column":27}},"loc":{"start":{"line":16,"column":37},"end":{"line":155,"column":1}},"line":16},"2":{"name":"(anonymous_2)","decl":{"start":{"line":20,"column":29},"end":{"line":20,"column":30}},"loc":{"start":{"line":20,"column":35},"end":{"line":22,"column":5}},"line":20},"3":{"name":"(anonymous_3)","decl":{"start":{"line":25,"column":25},"end":{"line":25,"column":26}},"loc":{"start":{"line":25,"column":46},"end":{"line":47,"column":5}},"line":25},"4":{"name":"(anonymous_4)","decl":{"start":{"line":32,"column":43},"end":{"line":32,"column":44}},"loc":{"start":{"line":32,"column":49},"end":{"line":32,"column":79}},"line":32},"5":{"name":"(anonymous_5)","decl":{"start":{"line":49,"column":22},"end":{"line":49,"column":23}},"loc":{"start":{"line":49,"column":31},"end":{"line":78,"column":5}},"line":49},"6":{"name":"(anonymous_6)","decl":{"start":{"line":51,"column":19},"end":{"line":51,"column":20}},"loc":{"start":{"line":51,"column":25},"end":{"line":76,"column":9}},"line":51},"7":{"name":"(anonymous_7)","decl":{"start":{"line":59,"column":62},"end":{"line":59,"column":63}},"loc":{"start":{"line":59,"column":75},"end":{"line":67,"column":13}},"line":59},"8":{"name":"(anonymous_8)","decl":{"start":{"line":60,"column":33},"end":{"line":60,"column":34}},"loc":{"start":{"line":60,"column":52},"end":{"line":66,"column":17}},"line":60},"9":{"name":"(anonymous_9)","decl":{"start":{"line":80,"column":29},"end":{"line":80,"column":30}},"loc":{"start":{"line":80,"column":42},"end":{"line":94,"column":5}},"line":80},"10":{"name":"(anonymous_10)","decl":{"start":{"line":87,"column":25},"end":{"line":87,"column":26}},"loc":{"start":{"line":87,"column":31},"end":{"line":87,"column":56}},"line":87},"11":{"name":"(anonymous_11)","decl":{"start":{"line":90,"column":38},"end":{"line":90,"column":39}},"loc":{"start":{"line":90,"column":44},"end":{"line":90,"column":63}},"line":90},"12":{"name":"(anonymous_12)","decl":{"start":{"line":96,"column":23},"end":{"line":96,"column":24}},"loc":{"start":{"line":96,"column":36},"end":{"line":101,"column":5}},"line":96},"13":{"name":"(anonymous_13)","decl":{"start":{"line":97,"column":63},"end":{"line":97,"column":64}},"loc":{"start":{"line":97,"column":69},"end":{"line":100,"column":9}},"line":97},"14":{"name":"(anonymous_14)","decl":{"start":{"line":103,"column":23},"end":{"line":103,"column":24}},"loc":{"start":{"line":103,"column":33},"end":{"line":125,"column":5}},"line":103},"15":{"name":"(anonymous_15)","decl":{"start":{"line":107,"column":79},"end":{"line":107,"column":80}},"loc":{"start":{"line":107,"column":85},"end":{"line":107,"column":111}},"line":107}},"branchMap":{"0":{"loc":{"start":{"line":63,"column":20},"end":{"line":65,"column":21}},"type":"if","locations":[{"start":{"line":63,"column":20},"end":{"line":65,"column":21}},{"start":{"line":63,"column":20},"end":{"line":65,"column":21}}],"line":63}},"s":{"0":3,"1":0,"2":0,"3":3,"4":1,"5":1,"6":1,"7":1,"8":0,"9":0,"10":0,"11":1,"12":1,"13":1,"14":0,"15":0,"16":0,"17":0,"18":0,"19":0,"20":0,"21":0,"22":0,"23":0,"24":0,"25":0,"26":1,"27":0,"28":0,"29":0,"30":1,"31":0,"32":0,"33":0,"34":1,"35":0,"36":0,"37":1,"38":3},"f":{"0":0,"1":1,"2":0,"3":0,"4":0,"5":1,"6":0,"7":0,"8":0,"9":0,"10":0,"11":0,"12":0,"13":0,"14":0,"15":0},"b":{"0":[0,0]},"_coverageSchema":"1a1c01bbd47fc00a2c39e90264f33305004495a9","hash":"be69fba7ca89be38b7ef41d94d9ac6896a4ba357"}
,"C:\\Users\\Ben\\Code\\ITEC471_472-Tender-Recipe\\screens\\MyProfile.js": {"path":"C:\\Users\\Ben\\Code\\ITEC471_472-Tender-Recipe\\screens\\MyProfile.js","statementMap":{"0":{"start":{"line":17,"column":22},"end":{"line":17,"column":58}},"1":{"start":{"line":18,"column":21},"end":{"line":18,"column":51}},"2":{"start":{"line":21,"column":26},"end":{"line":21,"column":38}},"3":{"start":{"line":22,"column":28},"end":{"line":22,"column":40}},"4":{"start":{"line":23,"column":33},"end":{"line":23,"column":45}},"5":{"start":{"line":24,"column":44},"end":{"line":24,"column":56}},"6":{"start":{"line":25,"column":36},"end":{"line":25,"column":48}},"7":{"start":{"line":26,"column":48},"end":{"line":26,"column":60}},"8":{"start":{"line":27,"column":50},"end":{"line":27,"column":62}},"9":{"start":{"line":30,"column":23},"end":{"line":45,"column":3}},"10":{"start":{"line":32,"column":24},"end":{"line":32,"column":58}},"11":{"start":{"line":33,"column":4},"end":{"line":43,"column":7}},"12":{"start":{"line":34,"column":2},"end":{"line":41,"column":4}},"13":{"start":{"line":35,"column":3},"end":{"line":35,"column":29}},"14":{"start":{"line":36,"column":3},"end":{"line":36,"column":20}},"15":{"start":{"line":37,"column":3},"end":{"line":37,"column":21}},"16":{"start":{"line":38,"column":3},"end":{"line":38,"column":28}},"17":{"start":{"line":39,"column":3},"end":{"line":39,"column":39}},"18":{"start":{"line":44,"column":4},"end":{"line":44,"column":51}},"19":{"start":{"line":47,"column":2},"end":{"line":49,"column":5}},"20":{"start":{"line":48,"column":4},"end":{"line":48,"column":19}},"21":{"start":{"line":51,"column":4},"end":{"line":154,"column":4}},"22":{"start":{"line":95,"column":6},"end":{"line":95,"column":32}},"23":{"start":{"line":118,"column":5},"end":{"line":118,"column":30}},"24":{"start":{"line":137,"column":18},"end":{"line":137,"column":50}}},"fnMap":{"0":{"name":"Profile","decl":{"start":{"line":20,"column":9},"end":{"line":20,"column":16}},"loc":{"start":{"line":20,"column":31},"end":{"line":156,"column":1}},"line":20},"1":{"name":"(anonymous_1)","decl":{"start":{"line":30,"column":23},"end":{"line":30,"column":24}},"loc":{"start":{"line":30,"column":29},"end":{"line":45,"column":3}},"line":30},"2":{"name":"(anonymous_2)","decl":{"start":{"line":33,"column":51},"end":{"line":33,"column":52}},"loc":{"start":{"line":33,"column":65},"end":{"line":43,"column":5}},"line":33},"3":{"name":"(anonymous_3)","decl":{"start":{"line":34,"column":19},"end":{"line":34,"column":20}},"loc":{"start":{"line":34,"column":43},"end":{"line":41,"column":3}},"line":34},"4":{"name":"(anonymous_4)","decl":{"start":{"line":47,"column":12},"end":{"line":47,"column":13}},"loc":{"start":{"line":47,"column":18},"end":{"line":49,"column":3}},"line":47},"5":{"name":"(anonymous_5)","decl":{"start":{"line":94,"column":20},"end":{"line":94,"column":21}},"loc":{"start":{"line":94,"column":31},"end":{"line":97,"column":6}},"line":94},"6":{"name":"(anonymous_6)","decl":{"start":{"line":117,"column":19},"end":{"line":117,"column":20}},"loc":{"start":{"line":117,"column":30},"end":{"line":120,"column":5}},"line":117},"7":{"name":"(anonymous_7)","decl":{"start":{"line":137,"column":12},"end":{"line":137,"column":13}},"loc":{"start":{"line":137,"column":18},"end":{"line":137,"column":50}},"line":137}},"branchMap":{},"s":{"0":3,"1":3,"2":1,"3":1,"4":1,"5":1,"6":1,"7":1,"8":1,"9":1,"10":0,"11":0,"12":0,"13":0,"14":0,"15":0,"16":0,"17":0,"18":0,"19":1,"20":0,"21":1,"22":0,"23":0,"24":0},"f":{"0":1,"1":0,"2":0,"3":0,"4":0,"5":0,"6":0,"7":0},"b":{},"_coverageSchema":"1a1c01bbd47fc00a2c39e90264f33305004495a9","hash":"0716c375bf67a240d84713e2dba0780866e50b33"}
,"C:\\Users\\Ben\\Code\\ITEC471_472-Tender-Recipe\\screens\\MyRecipes.js": {"path":"C:\\Users\\Ben\\Code\\ITEC471_472-Tender-Recipe\\screens\\MyRecipes.js","statementMap":{"0":{"start":{"line":10,"column":22},"end":{"line":10,"column":58}},"1":{"start":{"line":11,"column":21},"end":{"line":11,"column":51}},"2":{"start":{"line":16,"column":4},"end":{"line":16,"column":16}},"3":{"start":{"line":18,"column":6},"end":{"line":24,"column":5}},"4":{"start":{"line":45,"column":24},"end":{"line":45,"column":77}},"5":{"start":{"line":46,"column":4},"end":{"line":46,"column":21}},"6":{"start":{"line":47,"column":4},"end":{"line":47,"column":63}},"7":{"start":{"line":48,"column":4},"end":{"line":48,"column":21}},"8":{"start":{"line":52,"column":24},"end":{"line":52,"column":58}},"9":{"start":{"line":54,"column":4},"end":{"line":54,"column":39}},"10":{"start":{"line":56,"column":4},"end":{"line":56,"column":30}},"11":{"start":{"line":58,"column":4},"end":{"line":91,"column":7}},"12":{"start":{"line":59,"column":24},"end":{"line":59,"column":26}},"13":{"start":{"line":60,"column":6},"end":{"line":89,"column":9}},"14":{"start":{"line":62,"column":20},"end":{"line":62,"column":39}},"15":{"start":{"line":63,"column":17},"end":{"line":63,"column":34}},"16":{"start":{"line":64,"column":8},"end":{"line":64,"column":29}},"17":{"start":{"line":65,"column":8},"end":{"line":65,"column":40}},"18":{"start":{"line":66,"column":8},"end":{"line":66,"column":42}},"19":{"start":{"line":67,"column":8},"end":{"line":67,"column":40}},"20":{"start":{"line":68,"column":8},"end":{"line":68,"column":28}},"21":{"start":{"line":69,"column":8},"end":{"line":69,"column":26}},"22":{"start":{"line":70,"column":8},"end":{"line":70,"column":26}},"23":{"start":{"line":71,"column":8},"end":{"line":71,"column":30}},"24":{"start":{"line":72,"column":8},"end":{"line":72,"column":26}},"25":{"start":{"line":73,"column":8},"end":{"line":73,"column":36}},"26":{"start":{"line":74,"column":8},"end":{"line":74,"column":24}},"27":{"start":{"line":75,"column":8},"end":{"line":88,"column":11}},"28":{"start":{"line":90,"column":6},"end":{"line":90,"column":45}},"29":{"start":{"line":93,"column":4},"end":{"line":93,"column":37}},"30":{"start":{"line":98,"column":25},"end":{"line":101,"column":5}},"31":{"start":{"line":99,"column":8},"end":{"line":99,"column":57}},"32":{"start":{"line":100,"column":8},"end":{"line":100,"column":66}},"33":{"start":{"line":104,"column":25},"end":{"line":107,"column":5}},"34":{"start":{"line":105,"column":8},"end":{"line":105,"column":58}},"35":{"start":{"line":106,"column":8},"end":{"line":106,"column":67}},"36":{"start":{"line":109,"column":20},"end":{"line":146,"column":5}},"37":{"start":{"line":110,"column":6},"end":{"line":145,"column":7}},"38":{"start":{"line":111,"column":8},"end":{"line":111,"column":19}},"39":{"start":{"line":113,"column":11},"end":{"line":145,"column":7}},"40":{"start":{"line":114,"column":8},"end":{"line":114,"column":19}},"41":{"start":{"line":116,"column":11},"end":{"line":145,"column":7}},"42":{"start":{"line":117,"column":8},"end":{"line":117,"column":19}},"43":{"start":{"line":119,"column":11},"end":{"line":145,"column":7}},"44":{"start":{"line":120,"column":8},"end":{"line":120,"column":19}},"45":{"start":{"line":122,"column":11},"end":{"line":145,"column":7}},"46":{"start":{"line":123,"column":8},"end":{"line":123,"column":19}},"47":{"start":{"line":125,"column":11},"end":{"line":145,"column":7}},"48":{"start":{"line":126,"column":8},"end":{"line":126,"column":19}},"49":{"start":{"line":128,"column":11},"end":{"line":145,"column":7}},"50":{"start":{"line":129,"column":8},"end":{"line":129,"column":19}},"51":{"start":{"line":131,"column":11},"end":{"line":145,"column":7}},"52":{"start":{"line":132,"column":8},"end":{"line":132,"column":19}},"53":{"start":{"line":134,"column":11},"end":{"line":145,"column":7}},"54":{"start":{"line":135,"column":8},"end":{"line":135,"column":19}},"55":{"start":{"line":137,"column":11},"end":{"line":145,"column":7}},"56":{"start":{"line":138,"column":8},"end":{"line":138,"column":19}},"57":{"start":{"line":140,"column":11},"end":{"line":145,"column":7}},"58":{"start":{"line":141,"column":8},"end":{"line":141,"column":19}},"59":{"start":{"line":143,"column":11},"end":{"line":145,"column":7}},"60":{"start":{"line":144,"column":8},"end":{"line":144,"column":19}},"61":{"start":{"line":148,"column":17},"end":{"line":160,"column":5}},"62":{"start":{"line":149,"column":20},"end":{"line":149,"column":22}},"63":{"start":{"line":150,"column":16},"end":{"line":150,"column":31}},"64":{"start":{"line":152,"column":17},"end":{"line":152,"column":23}},"65":{"start":{"line":153,"column":16},"end":{"line":153,"column":22}},"66":{"start":{"line":154,"column":18},"end":{"line":154,"column":44}},"67":{"start":{"line":155,"column":17},"end":{"line":155,"column":23}},"68":{"start":{"line":157,"column":6},"end":{"line":157,"column":46}},"69":{"start":{"line":159,"column":6},"end":{"line":159,"column":20}},"70":{"start":{"line":163,"column":23},"end":{"line":191,"column":5}},"71":{"start":{"line":164,"column":8},"end":{"line":164,"column":54}},"72":{"start":{"line":166,"column":21},"end":{"line":166,"column":23}},"73":{"start":{"line":167,"column":8},"end":{"line":184,"column":9}},"74":{"start":{"line":168,"column":10},"end":{"line":183,"column":11}},"75":{"start":{"line":169,"column":12},"end":{"line":182,"column":13}},"76":{"start":{"line":185,"column":8},"end":{"line":185,"column":27}},"77":{"start":{"line":186,"column":8},"end":{"line":188,"column":62}},"78":{"start":{"line":187,"column":20},"end":{"line":187,"column":45}},"79":{"start":{"line":188,"column":21},"end":{"line":188,"column":61}},"80":{"start":{"line":194,"column":4},"end":{"line":261,"column":4}},"81":{"start":{"line":203,"column":41},"end":{"line":203,"column":68}},"82":{"start":{"line":204,"column":36},"end":{"line":204,"column":61}},"83":{"start":{"line":218,"column":5},"end":{"line":218,"column":41}},"84":{"start":{"line":233,"column":4},"end":{"line":255,"column":5}},"85":{"start":{"line":241,"column":66},"end":{"line":241,"column":92}},"86":{"start":{"line":246,"column":12},"end":{"line":246,"column":38}},"87":{"start":{"line":247,"column":12},"end":{"line":249,"column":16}},"88":{"start":{"line":257,"column":26},"end":{"line":257,"column":33}}},"fnMap":{"0":{"name":"(anonymous_0)","decl":{"start":{"line":15,"column":2},"end":{"line":15,"column":3}},"loc":{"start":{"line":15,"column":21},"end":{"line":25,"column":3}},"line":15},"1":{"name":"(anonymous_1)","decl":{"start":{"line":43,"column":2},"end":{"line":43,"column":3}},"loc":{"start":{"line":43,"column":20},"end":{"line":49,"column":3}},"line":43},"2":{"name":"(anonymous_2)","decl":{"start":{"line":51,"column":2},"end":{"line":51,"column":3}},"loc":{"start":{"line":51,"column":22},"end":{"line":95,"column":5}},"line":51},"3":{"name":"(anonymous_3)","decl":{"start":{"line":58,"column":55},"end":{"line":58,"column":56}},"loc":{"start":{"line":58,"column":69},"end":{"line":91,"column":5}},"line":58},"4":{"name":"(anonymous_4)","decl":{"start":{"line":60,"column":23},"end":{"line":60,"column":24}},"loc":{"start":{"line":60,"column":47},"end":{"line":89,"column":7}},"line":60},"5":{"name":"(anonymous_5)","decl":{"start":{"line":98,"column":25},"end":{"line":98,"column":26}},"loc":{"start":{"line":98,"column":31},"end":{"line":101,"column":5}},"line":98},"6":{"name":"(anonymous_6)","decl":{"start":{"line":104,"column":25},"end":{"line":104,"column":26}},"loc":{"start":{"line":104,"column":31},"end":{"line":107,"column":5}},"line":104},"7":{"name":"(anonymous_7)","decl":{"start":{"line":109,"column":20},"end":{"line":109,"column":21}},"loc":{"start":{"line":109,"column":34},"end":{"line":146,"column":5}},"line":109},"8":{"name":"(anonymous_8)","decl":{"start":{"line":148,"column":17},"end":{"line":148,"column":18}},"loc":{"start":{"line":148,"column":27},"end":{"line":160,"column":5}},"line":148},"9":{"name":"(anonymous_9)","decl":{"start":{"line":163,"column":23},"end":{"line":163,"column":24}},"loc":{"start":{"line":163,"column":31},"end":{"line":191,"column":5}},"line":163},"10":{"name":"(anonymous_10)","decl":{"start":{"line":187,"column":14},"end":{"line":187,"column":15}},"loc":{"start":{"line":187,"column":20},"end":{"line":187,"column":45}},"line":187},"11":{"name":"(anonymous_11)","decl":{"start":{"line":188,"column":15},"end":{"line":188,"column":16}},"loc":{"start":{"line":188,"column":21},"end":{"line":188,"column":61}},"line":188},"12":{"name":"(anonymous_12)","decl":{"start":{"line":193,"column":2},"end":{"line":193,"column":3}},"loc":{"start":{"line":193,"column":11},"end":{"line":261,"column":5}},"line":193},"13":{"name":"(anonymous_13)","decl":{"start":{"line":203,"column":31},"end":{"line":203,"column":32}},"loc":{"start":{"line":203,"column":41},"end":{"line":203,"column":68}},"line":203},"14":{"name":"(anonymous_14)","decl":{"start":{"line":204,"column":30},"end":{"line":204,"column":31}},"loc":{"start":{"line":204,"column":36},"end":{"line":204,"column":61}},"line":204},"15":{"name":"(anonymous_15)","decl":{"start":{"line":217,"column":19},"end":{"line":217,"column":20}},"loc":{"start":{"line":217,"column":30},"end":{"line":220,"column":5}},"line":217},"16":{"name":"(anonymous_16)","decl":{"start":{"line":232,"column":14},"end":{"line":232,"column":15}},"loc":{"start":{"line":232,"column":26},"end":{"line":256,"column":5}},"line":232},"17":{"name":"(anonymous_17)","decl":{"start":{"line":241,"column":60},"end":{"line":241,"column":61}},"loc":{"start":{"line":241,"column":66},"end":{"line":241,"column":92}},"line":241},"18":{"name":"(anonymous_18)","decl":{"start":{"line":245,"column":19},"end":{"line":245,"column":20}},"loc":{"start":{"line":245,"column":25},"end":{"line":250,"column":13}},"line":245},"19":{"name":"(anonymous_19)","decl":{"start":{"line":257,"column":16},"end":{"line":257,"column":17}},"loc":{"start":{"line":257,"column":26},"end":{"line":257,"column":33}},"line":257}},"branchMap":{"0":{"loc":{"start":{"line":45,"column":24},"end":{"line":45,"column":77}},"type":"cond-expr","locations":[{"start":{"line":45,"column":38},"end":{"line":45,"column":72}},{"start":{"line":45,"column":75},"end":{"line":45,"column":77}}],"line":45},"1":{"loc":{"start":{"line":110,"column":6},"end":{"line":145,"column":7}},"type":"if","locations":[{"start":{"line":110,"column":6},"end":{"line":145,"column":7}},{"start":{"line":110,"column":6},"end":{"line":145,"column":7}}],"line":110},"2":{"loc":{"start":{"line":113,"column":11},"end":{"line":145,"column":7}},"type":"if","locations":[{"start":{"line":113,"column":11},"end":{"line":145,"column":7}},{"start":{"line":113,"column":11},"end":{"line":145,"column":7}}],"line":113},"3":{"loc":{"start":{"line":116,"column":11},"end":{"line":145,"column":7}},"type":"if","locations":[{"start":{"line":116,"column":11},"end":{"line":145,"column":7}},{"start":{"line":116,"column":11},"end":{"line":145,"column":7}}],"line":116},"4":{"loc":{"start":{"line":119,"column":11},"end":{"line":145,"column":7}},"type":"if","locations":[{"start":{"line":119,"column":11},"end":{"line":145,"column":7}},{"start":{"line":119,"column":11},"end":{"line":145,"column":7}}],"line":119},"5":{"loc":{"start":{"line":122,"column":11},"end":{"line":145,"column":7}},"type":"if","locations":[{"start":{"line":122,"column":11},"end":{"line":145,"column":7}},{"start":{"line":122,"column":11},"end":{"line":145,"column":7}}],"line":122},"6":{"loc":{"start":{"line":125,"column":11},"end":{"line":145,"column":7}},"type":"if","locations":[{"start":{"line":125,"column":11},"end":{"line":145,"column":7}},{"start":{"line":125,"column":11},"end":{"line":145,"column":7}}],"line":125},"7":{"loc":{"start":{"line":128,"column":11},"end":{"line":145,"column":7}},"type":"if","locations":[{"start":{"line":128,"column":11},"end":{"line":145,"column":7}},{"start":{"line":128,"column":11},"end":{"line":145,"column":7}}],"line":128},"8":{"loc":{"start":{"line":131,"column":11},"end":{"line":145,"column":7}},"type":"if","locations":[{"start":{"line":131,"column":11},"end":{"line":145,"column":7}},{"start":{"line":131,"column":11},"end":{"line":145,"column":7}}],"line":131},"9":{"loc":{"start":{"line":134,"column":11},"end":{"line":145,"column":7}},"type":"if","locations":[{"start":{"line":134,"column":11},"end":{"line":145,"column":7}},{"start":{"line":134,"column":11},"end":{"line":145,"column":7}}],"line":134},"10":{"loc":{"start":{"line":137,"column":11},"end":{"line":145,"column":7}},"type":"if","locations":[{"start":{"line":137,"column":11},"end":{"line":145,"column":7}},{"start":{"line":137,"column":11},"end":{"line":145,"column":7}}],"line":137},"11":{"loc":{"start":{"line":140,"column":11},"end":{"line":145,"column":7}},"type":"if","locations":[{"start":{"line":140,"column":11},"end":{"line":145,"column":7}},{"start":{"line":140,"column":11},"end":{"line":145,"column":7}}],"line":140},"12":{"loc":{"start":{"line":143,"column":11},"end":{"line":145,"column":7}},"type":"if","locations":[{"start":{"line":143,"column":11},"end":{"line":145,"column":7}},{"start":{"line":143,"column":11},"end":{"line":145,"column":7}}],"line":143},"13":{"loc":{"start":{"line":168,"column":10},"end":{"line":183,"column":11}},"type":"if","locations":[{"start":{"line":168,"column":10},"end":{"line":183,"column":11}},{"start":{"line":168,"column":10},"end":{"line":183,"column":11}}],"line":168}},"s":{"0":3,"1":3,"2":1,"3":1,"4":0,"5":0,"6":0,"7":0,"8":1,"9":0,"10":0,"11":0,"12":0,"13":0,"14":0,"15":0,"16":0,"17":0,"18":0,"19":0,"20":0,"21":0,"22":0,"23":0,"24":0,"25":0,"26":0,"27":0,"28":0,"29":0,"30":1,"31":0,"32":0,"33":1,"34":0,"35":0,"36":1,"37":0,"38":0,"39":0,"40":0,"41":0,"42":0,"43":0,"44":0,"45":0,"46":0,"47":0,"48":0,"49":0,"50":0,"51":0,"52":0,"53":0,"54":0,"55":0,"56":0,"57":0,"58":0,"59":0,"60":0,"61":1,"62":0,"63":0,"64":0,"65":0,"66":0,"67":0,"68":0,"69":0,"70":1,"71":0,"72":0,"73":0,"74":0,"75":0,"76":0,"77":0,"78":0,"79":0,"80":1,"81":0,"82":0,"83":0,"84":0,"85":0,"86":0,"87":0,"88":0},"f":{"0":1,"1":0,"2":1,"3":0,"4":0,"5":0,"6":0,"7":0,"8":0,"9":0,"10":0,"11":0,"12":1,"13":0,"14":0,"15":0,"16":0,"17":0,"18":0,"19":0},"b":{"0":[0,0],"1":[0,0],"2":[0,0],"3":[0,0],"4":[0,0],"5":[0,0],"6":[0,0],"7":[0,0],"8":[0,0],"9":[0,0],"10":[0,0],"11":[0,0],"12":[0,0],"13":[0,0]},"_coverageSchema":"1a1c01bbd47fc00a2c39e90264f33305004495a9","hash":"10de4e826619130932f555224bd78a4d44db30ef"}
,"C:\\Users\\Ben\\Code\\ITEC471_472-Tender-Recipe\\screens\\RegisterScreen.js": {"path":"C:\\Users\\Ben\\Code\\ITEC471_472-Tender-Recipe\\screens\\RegisterScreen.js","statementMap":{"0":{"start":{"line":16,"column":22},"end":{"line":16,"column":53}},"1":{"start":{"line":17,"column":21},"end":{"line":17,"column":51}},"2":{"start":{"line":21,"column":28},"end":{"line":21,"column":40}},"3":{"start":{"line":22,"column":34},"end":{"line":22,"column":46}},"4":{"start":{"line":23,"column":40},"end":{"line":23,"column":52}},"5":{"start":{"line":24,"column":26},"end":{"line":24,"column":38}},"6":{"start":{"line":25,"column":28},"end":{"line":25,"column":40}},"7":{"start":{"line":27,"column":23},"end":{"line":34,"column":3}},"8":{"start":{"line":28,"column":4},"end":{"line":33,"column":5}},"9":{"start":{"line":29,"column":6},"end":{"line":29,"column":107}},"10":{"start":{"line":32,"column":6},"end":{"line":32,"column":43}},"11":{"start":{"line":36,"column":2},"end":{"line":102,"column":4}},"12":{"start":{"line":55,"column":36},"end":{"line":55,"column":49}},"13":{"start":{"line":64,"column":37},"end":{"line":64,"column":52}},"14":{"start":{"line":72,"column":37},"end":{"line":72,"column":52}},"15":{"start":{"line":80,"column":40},"end":{"line":80,"column":61}},"16":{"start":{"line":88,"column":43},"end":{"line":88,"column":70}},"17":{"start":{"line":95,"column":24},"end":{"line":95,"column":38}}},"fnMap":{"0":{"name":"Registration","decl":{"start":{"line":20,"column":9},"end":{"line":20,"column":21}},"loc":{"start":{"line":20,"column":43},"end":{"line":103,"column":1}},"line":20},"1":{"name":"(anonymous_1)","decl":{"start":{"line":27,"column":23},"end":{"line":27,"column":24}},"loc":{"start":{"line":27,"column":29},"end":{"line":34,"column":3}},"line":27},"2":{"name":"(anonymous_2)","decl":{"start":{"line":55,"column":26},"end":{"line":55,"column":27}},"loc":{"start":{"line":55,"column":36},"end":{"line":55,"column":49}},"line":55},"3":{"name":"(anonymous_3)","decl":{"start":{"line":64,"column":26},"end":{"line":64,"column":27}},"loc":{"start":{"line":64,"column":37},"end":{"line":64,"column":52}},"line":64},"4":{"name":"(anonymous_4)","decl":{"start":{"line":72,"column":26},"end":{"line":72,"column":27}},"loc":{"start":{"line":72,"column":37},"end":{"line":72,"column":52}},"line":72},"5":{"name":"(anonymous_5)","decl":{"start":{"line":80,"column":26},"end":{"line":80,"column":27}},"loc":{"start":{"line":80,"column":40},"end":{"line":80,"column":61}},"line":80},"6":{"name":"(anonymous_6)","decl":{"start":{"line":88,"column":26},"end":{"line":88,"column":27}},"loc":{"start":{"line":88,"column":43},"end":{"line":88,"column":70}},"line":88},"7":{"name":"(anonymous_7)","decl":{"start":{"line":95,"column":18},"end":{"line":95,"column":19}},"loc":{"start":{"line":95,"column":24},"end":{"line":95,"column":38}},"line":95}},"branchMap":{"0":{"loc":{"start":{"line":28,"column":4},"end":{"line":33,"column":5}},"type":"if","locations":[{"start":{"line":28,"column":4},"end":{"line":33,"column":5}},{"start":{"line":28,"column":4},"end":{"line":33,"column":5}}],"line":28}},"s":{"0":3,"1":3,"2":1,"3":1,"4":1,"5":1,"6":1,"7":1,"8":0,"9":0,"10":0,"11":1,"12":0,"13":0,"14":0,"15":0,"16":0,"17":0},"f":{"0":1,"1":0,"2":0,"3":0,"4":0,"5":0,"6":0,"7":0},"b":{"0":[0,0]},"_coverageSchema":"1a1c01bbd47fc00a2c39e90264f33305004495a9","hash":"a8b1af19c4a7bed07c11a42cac7cb620f40be404"}
,"C:\\Users\\Ben\\Code\\ITEC471_472-Tender-Recipe\\screens\\Registration02.js": {"path":"C:\\Users\\Ben\\Code\\ITEC471_472-Tender-Recipe\\screens\\Registration02.js","statementMap":{"0":{"start":{"line":13,"column":22},"end":{"line":13,"column":53}},"1":{"start":{"line":14,"column":21},"end":{"line":14,"column":51}},"2":{"start":{"line":18,"column":28},"end":{"line":18,"column":48}},"3":{"start":{"line":19,"column":41},"end":{"line":19,"column":53}},"4":{"start":{"line":21,"column":24},"end":{"line":23,"column":3}},"5":{"start":{"line":22,"column":4},"end":{"line":22,"column":124}},"6":{"start":{"line":25,"column":2},"end":{"line":56,"column":4}},"7":{"start":{"line":36,"column":23},"end":{"line":36,"column":43}},"8":{"start":{"line":41,"column":23},"end":{"line":41,"column":47}},"9":{"start":{"line":46,"column":23},"end":{"line":46,"column":43}},"10":{"start":{"line":50,"column":27},"end":{"line":50,"column":42}}},"fnMap":{"0":{"name":"Registration02","decl":{"start":{"line":17,"column":9},"end":{"line":17,"column":23}},"loc":{"start":{"line":17,"column":45},"end":{"line":57,"column":1}},"line":17},"1":{"name":"(anonymous_1)","decl":{"start":{"line":21,"column":24},"end":{"line":21,"column":25}},"loc":{"start":{"line":21,"column":30},"end":{"line":23,"column":3}},"line":21},"2":{"name":"(anonymous_2)","decl":{"start":{"line":36,"column":17},"end":{"line":36,"column":18}},"loc":{"start":{"line":36,"column":23},"end":{"line":36,"column":43}},"line":36},"3":{"name":"(anonymous_3)","decl":{"start":{"line":41,"column":17},"end":{"line":41,"column":18}},"loc":{"start":{"line":41,"column":23},"end":{"line":41,"column":47}},"line":41},"4":{"name":"(anonymous_4)","decl":{"start":{"line":46,"column":17},"end":{"line":46,"column":18}},"loc":{"start":{"line":46,"column":23},"end":{"line":46,"column":43}},"line":46},"5":{"name":"(anonymous_5)","decl":{"start":{"line":50,"column":21},"end":{"line":50,"column":22}},"loc":{"start":{"line":50,"column":27},"end":{"line":50,"column":42}},"line":50}},"branchMap":{},"s":{"0":2,"1":2,"2":0,"3":0,"4":0,"5":0,"6":0,"7":0,"8":0,"9":0,"10":0},"f":{"0":0,"1":0,"2":0,"3":0,"4":0,"5":0},"b":{},"_coverageSchema":"1a1c01bbd47fc00a2c39e90264f33305004495a9","hash":"5fec6d6fea029faef138f2e09289f0ca40ba3082"}
,"C:\\Users\\Ben\\Code\\ITEC471_472-Tender-Recipe\\screens\\Registration03.js": {"path":"C:\\Users\\Ben\\Code\\ITEC471_472-Tender-Recipe\\screens\\Registration03.js","statementMap":{"0":{"start":{"line":12,"column":22},"end":{"line":12,"column":53}},"1":{"start":{"line":13,"column":21},"end":{"line":13,"column":51}},"2":{"start":{"line":16,"column":40},"end":{"line":16,"column":60}},"3":{"start":{"line":17,"column":53},"end":{"line":17,"column":65}},"4":{"start":{"line":19,"column":24},"end":{"line":21,"column":3}},"5":{"start":{"line":20,"column":4},"end":{"line":20,"column":159}},"6":{"start":{"line":24,"column":2},"end":{"line":54,"column":4}},"7":{"start":{"line":38,"column":25},"end":{"line":38,"column":49}},"8":{"start":{"line":43,"column":25},"end":{"line":43,"column":51}},"9":{"start":{"line":48,"column":25},"end":{"line":48,"column":40}},"10":{"start":{"line":57,"column":15},"end":{"line":116,"column":2}}},"fnMap":{"0":{"name":"Registration03","decl":{"start":{"line":15,"column":9},"end":{"line":15,"column":23}},"loc":{"start":{"line":15,"column":45},"end":{"line":55,"column":1}},"line":15},"1":{"name":"(anonymous_1)","decl":{"start":{"line":19,"column":24},"end":{"line":19,"column":25}},"loc":{"start":{"line":19,"column":30},"end":{"line":21,"column":3}},"line":19},"2":{"name":"(anonymous_2)","decl":{"start":{"line":38,"column":19},"end":{"line":38,"column":20}},"loc":{"start":{"line":38,"column":25},"end":{"line":38,"column":49}},"line":38},"3":{"name":"(anonymous_3)","decl":{"start":{"line":43,"column":19},"end":{"line":43,"column":20}},"loc":{"start":{"line":43,"column":25},"end":{"line":43,"column":51}},"line":43},"4":{"name":"(anonymous_4)","decl":{"start":{"line":48,"column":19},"end":{"line":48,"column":20}},"loc":{"start":{"line":48,"column":25},"end":{"line":48,"column":40}},"line":48}},"branchMap":{},"s":{"0":2,"1":2,"2":0,"3":0,"4":0,"5":0,"6":0,"7":0,"8":0,"9":0,"10":2},"f":{"0":0,"1":0,"2":0,"3":0,"4":0},"b":{},"_coverageSchema":"1a1c01bbd47fc00a2c39e90264f33305004495a9","hash":"5ef458d45bd8f32159293204da1fc4b4a4ff68f7"}
,"C:\\Users\\Ben\\Code\\ITEC471_472-Tender-Recipe\\screens\\Registration04.js": {"path":"C:\\Users\\Ben\\Code\\ITEC471_472-Tender-Recipe\\screens\\Registration04.js","statementMap":{"0":{"start":{"line":12,"column":22},"end":{"line":12,"column":53}},"1":{"start":{"line":13,"column":21},"end":{"line":13,"column":51}},"2":{"start":{"line":16,"column":26},"end":{"line":16,"column":45}},"3":{"start":{"line":17,"column":70},"end":{"line":17,"column":82}},"4":{"start":{"line":19,"column":24},"end":{"line":22,"column":3}},"5":{"start":{"line":20,"column":4},"end":{"line":21,"column":51}},"6":{"start":{"line":24,"column":2},"end":{"line":57,"column":4}},"7":{"start":{"line":37,"column":23},"end":{"line":37,"column":39}},"8":{"start":{"line":42,"column":23},"end":{"line":42,"column":44}},"9":{"start":{"line":47,"column":23},"end":{"line":47,"column":41}},"10":{"start":{"line":51,"column":27},"end":{"line":51,"column":42}},"11":{"start":{"line":60,"column":15},"end":{"line":128,"column":2}}},"fnMap":{"0":{"name":"Registration04","decl":{"start":{"line":15,"column":9},"end":{"line":15,"column":23}},"loc":{"start":{"line":15,"column":45},"end":{"line":58,"column":1}},"line":15},"1":{"name":"(anonymous_1)","decl":{"start":{"line":19,"column":24},"end":{"line":19,"column":25}},"loc":{"start":{"line":19,"column":30},"end":{"line":22,"column":3}},"line":19},"2":{"name":"(anonymous_2)","decl":{"start":{"line":37,"column":17},"end":{"line":37,"column":18}},"loc":{"start":{"line":37,"column":23},"end":{"line":37,"column":39}},"line":37},"3":{"name":"(anonymous_3)","decl":{"start":{"line":42,"column":17},"end":{"line":42,"column":18}},"loc":{"start":{"line":42,"column":23},"end":{"line":42,"column":44}},"line":42},"4":{"name":"(anonymous_4)","decl":{"start":{"line":47,"column":17},"end":{"line":47,"column":18}},"loc":{"start":{"line":47,"column":23},"end":{"line":47,"column":41}},"line":47},"5":{"name":"(anonymous_5)","decl":{"start":{"line":51,"column":21},"end":{"line":51,"column":22}},"loc":{"start":{"line":51,"column":27},"end":{"line":51,"column":42}},"line":51}},"branchMap":{},"s":{"0":2,"1":2,"2":0,"3":0,"4":0,"5":0,"6":0,"7":0,"8":0,"9":0,"10":0,"11":2},"f":{"0":0,"1":0,"2":0,"3":0,"4":0,"5":0},"b":{},"_coverageSchema":"1a1c01bbd47fc00a2c39e90264f33305004495a9","hash":"15a1cfb527b05c8fb5c2c867a7904c4add4fcb68"}
,"C:\\Users\\Ben\\Code\\ITEC471_472-Tender-Recipe\\screens\\Registration05.js": {"path":"C:\\Users\\Ben\\Code\\ITEC471_472-Tender-Recipe\\screens\\Registration05.js","statementMap":{"0":{"start":{"line":15,"column":22},"end":{"line":15,"column":53}},"1":{"start":{"line":16,"column":21},"end":{"line":16,"column":51}},"2":{"start":{"line":20,"column":28},"end":{"line":20,"column":43}},"3":{"start":{"line":21,"column":28},"end":{"line":21,"column":43}},"4":{"start":{"line":22,"column":26},"end":{"line":22,"column":41}},"5":{"start":{"line":23,"column":26},"end":{"line":23,"column":41}},"6":{"start":{"line":24,"column":30},"end":{"line":24,"column":45}},"7":{"start":{"line":25,"column":34},"end":{"line":25,"column":49}},"8":{"start":{"line":26,"column":32},"end":{"line":26,"column":47}},"9":{"start":{"line":27,"column":36},"end":{"line":27,"column":51}},"10":{"start":{"line":28,"column":24},"end":{"line":28,"column":39}},"11":{"start":{"line":29,"column":28},"end":{"line":29,"column":40}},"12":{"start":{"line":30,"column":76},"end":{"line":30,"column":88}},"13":{"start":{"line":32,"column":24},"end":{"line":67,"column":3}},"14":{"start":{"line":33,"column":4},"end":{"line":66,"column":6}},"15":{"start":{"line":37,"column":6},"end":{"line":65,"column":8}},"16":{"start":{"line":41,"column":28},"end":{"line":41,"column":62}},"17":{"start":{"line":42,"column":24},"end":{"line":53,"column":9}},"18":{"start":{"line":54,"column":8},"end":{"line":63,"column":10}},"19":{"start":{"line":62,"column":10},"end":{"line":62,"column":44}},"20":{"start":{"line":69,"column":2},"end":{"line":141,"column":4}},"21":{"start":{"line":81,"column":25},"end":{"line":81,"column":41}},"22":{"start":{"line":86,"column":25},"end":{"line":86,"column":41}},"23":{"start":{"line":91,"column":25},"end":{"line":91,"column":43}},"24":{"start":{"line":97,"column":23},"end":{"line":97,"column":37}},"25":{"start":{"line":103,"column":25},"end":{"line":103,"column":39}},"26":{"start":{"line":108,"column":25},"end":{"line":108,"column":49}},"27":{"start":{"line":115,"column":25},"end":{"line":115,"column":47}},"28":{"start":{"line":120,"column":25},"end":{"line":120,"column":45}},"29":{"start":{"line":125,"column":25},"end":{"line":125,"column":37}},"30":{"start":{"line":133,"column":33},"end":{"line":133,"column":48}},"31":{"start":{"line":135,"column":27},"end":{"line":135,"column":42}},"32":{"start":{"line":144,"column":15},"end":{"line":311,"column":2}}},"fnMap":{"0":{"name":"Registration05","decl":{"start":{"line":19,"column":9},"end":{"line":19,"column":23}},"loc":{"start":{"line":19,"column":45},"end":{"line":142,"column":1}},"line":19},"1":{"name":"(anonymous_1)","decl":{"start":{"line":32,"column":24},"end":{"line":32,"column":25}},"loc":{"start":{"line":32,"column":30},"end":{"line":67,"column":3}},"line":32},"2":{"name":"(anonymous_2)","decl":{"start":{"line":36,"column":10},"end":{"line":36,"column":11}},"loc":{"start":{"line":36,"column":16},"end":{"line":66,"column":5}},"line":36},"3":{"name":"(anonymous_3)","decl":{"start":{"line":40,"column":12},"end":{"line":40,"column":13}},"loc":{"start":{"line":40,"column":18},"end":{"line":65,"column":7}},"line":40},"4":{"name":"(anonymous_4)","decl":{"start":{"line":61,"column":16},"end":{"line":61,"column":17}},"loc":{"start":{"line":61,"column":22},"end":{"line":63,"column":9}},"line":61},"5":{"name":"(anonymous_5)","decl":{"start":{"line":81,"column":19},"end":{"line":81,"column":20}},"loc":{"start":{"line":81,"column":25},"end":{"line":81,"column":41}},"line":81},"6":{"name":"(anonymous_6)","decl":{"start":{"line":86,"column":19},"end":{"line":86,"column":20}},"loc":{"start":{"line":86,"column":25},"end":{"line":86,"column":41}},"line":86},"7":{"name":"(anonymous_7)","decl":{"start":{"line":91,"column":19},"end":{"line":91,"column":20}},"loc":{"start":{"line":91,"column":25},"end":{"line":91,"column":43}},"line":91},"8":{"name":"(anonymous_8)","decl":{"start":{"line":97,"column":17},"end":{"line":97,"column":18}},"loc":{"start":{"line":97,"column":23},"end":{"line":97,"column":37}},"line":97},"9":{"name":"(anonymous_9)","decl":{"start":{"line":103,"column":19},"end":{"line":103,"column":20}},"loc":{"start":{"line":103,"column":25},"end":{"line":103,"column":39}},"line":103},"10":{"name":"(anonymous_10)","decl":{"start":{"line":108,"column":19},"end":{"line":108,"column":20}},"loc":{"start":{"line":108,"column":25},"end":{"line":108,"column":49}},"line":108},"11":{"name":"(anonymous_11)","decl":{"start":{"line":115,"column":19},"end":{"line":115,"column":20}},"loc":{"start":{"line":115,"column":25},"end":{"line":115,"column":47}},"line":115},"12":{"name":"(anonymous_12)","decl":{"start":{"line":120,"column":19},"end":{"line":120,"column":20}},"loc":{"start":{"line":120,"column":25},"end":{"line":120,"column":45}},"line":120},"13":{"name":"(anonymous_13)","decl":{"start":{"line":125,"column":19},"end":{"line":125,"column":20}},"loc":{"start":{"line":125,"column":25},"end":{"line":125,"column":37}},"line":125},"14":{"name":"(anonymous_14)","decl":{"start":{"line":133,"column":22},"end":{"line":133,"column":23}},"loc":{"start":{"line":133,"column":33},"end":{"line":133,"column":48}},"line":133},"15":{"name":"(anonymous_15)","decl":{"start":{"line":135,"column":21},"end":{"line":135,"column":22}},"loc":{"start":{"line":135,"column":27},"end":{"line":135,"column":42}},"line":135}},"branchMap":{},"s":{"0":2,"1":2,"2":0,"3":0,"4":0,"5":0,"6":0,"7":0,"8":0,"9":0,"10":0,"11":0,"12":0,"13":0,"14":0,"15":0,"16":0,"17":0,"18":0,"19":0,"20":0,"21":0,"22":0,"23":0,"24":0,"25":0,"26":0,"27":0,"28":0,"29":0,"30":0,"31":0,"32":2},"f":{"0":0,"1":0,"2":0,"3":0,"4":0,"5":0,"6":0,"7":0,"8":0,"9":0,"10":0,"11":0,"12":0,"13":0,"14":0,"15":0},"b":{},"_coverageSchema":"1a1c01bbd47fc00a2c39e90264f33305004495a9","hash":"e11d3c3c5dea8612933921de951d5d0ac07da60e"}
,"C:\\Users\\Ben\\Code\\ITEC471_472-Tender-Recipe\\styles\\CreateRecipeStyles.js": {"path":"C:\\Users\\Ben\\Code\\ITEC471_472-Tender-Recipe\\styles\\CreateRecipeStyles.js","statementMap":{"0":{"start":{"line":2,"column":22},"end":{"line":2,"column":53}},"1":{"start":{"line":3,"column":21},"end":{"line":3,"column":51}}},"fnMap":{},"branchMap":{},"s":{"0":3,"1":3},"f":{},"b":{},"_coverageSchema":"1a1c01bbd47fc00a2c39e90264f33305004495a9","hash":"2969e1ae84b5f14e6e7dd074eb1e7c45461a8b04"}
,"C:\\Users\\Ben\\Code\\ITEC471_472-Tender-Recipe\\styles\\LoginStyles.js": {"path":"C:\\Users\\Ben\\Code\\ITEC471_472-Tender-Recipe\\styles\\LoginStyles.js","statementMap":{"0":{"start":{"line":2,"column":22},"end":{"line":2,"column":53}},"1":{"start":{"line":3,"column":21},"end":{"line":3,"column":51}}},"fnMap":{},"branchMap":{},"s":{"0":3,"1":3},"f":{},"b":{},"_coverageSchema":"1a1c01bbd47fc00a2c39e90264f33305004495a9","hash":"9f6da8011caf692e6b4a425b27dcdf96e1378472"}
,"C:\\Users\\Ben\\Code\\ITEC471_472-Tender-Recipe\\styles\\MainStyles.js": {"path":"C:\\Users\\Ben\\Code\\ITEC471_472-Tender-Recipe\\styles\\MainStyles.js","statementMap":{"0":{"start":{"line":2,"column":22},"end":{"line":2,"column":58}},"1":{"start":{"line":3,"column":21},"end":{"line":3,"column":51}}},"fnMap":{},"branchMap":{},"s":{"0":3,"1":3},"f":{},"b":{},"_coverageSchema":"1a1c01bbd47fc00a2c39e90264f33305004495a9","hash":"a5063e0f6198b4df4cb10b1c5f085bdd799eb14e"}
,"C:\\Users\\Ben\\Code\\ITEC471_472-Tender-Recipe\\styles\\MyProfileStyles.js": {"path":"C:\\Users\\Ben\\Code\\ITEC471_472-Tender-Recipe\\styles\\MyProfileStyles.js","statementMap":{"0":{"start":{"line":2,"column":22},"end":{"line":2,"column":53}},"1":{"start":{"line":3,"column":21},"end":{"line":3,"column":51}}},"fnMap":{},"branchMap":{},"s":{"0":3,"1":3},"f":{},"b":{},"_coverageSchema":"1a1c01bbd47fc00a2c39e90264f33305004495a9","hash":"552372f2c4921e27f9d3ada49bc37f53ddcd0b7c"}
,"C:\\Users\\Ben\\Code\\ITEC471_472-Tender-Recipe\\styles\\MyRecipesStyle.js": {"path":"C:\\Users\\Ben\\Code\\ITEC471_472-Tender-Recipe\\styles\\MyRecipesStyle.js","statementMap":{"0":{"start":{"line":2,"column":22},"end":{"line":2,"column":53}},"1":{"start":{"line":3,"column":21},"end":{"line":3,"column":51}}},"fnMap":{},"branchMap":{},"s":{"0":3,"1":3},"f":{},"b":{},"_coverageSchema":"1a1c01bbd47fc00a2c39e90264f33305004495a9","hash":"bda0de51b4bbfe1595da928cfde128265dd47cfb"}
,"C:\\Users\\Ben\\Code\\ITEC471_472-Tender-Recipe\\styles\\RegisterScreenStyles.js": {"path":"C:\\Users\\Ben\\Code\\ITEC471_472-Tender-Recipe\\styles\\RegisterScreenStyles.js","statementMap":{"0":{"start":{"line":2,"column":22},"end":{"line":2,"column":53}},"1":{"start":{"line":3,"column":21},"end":{"line":3,"column":51}}},"fnMap":{},"branchMap":{},"s":{"0":3,"1":3},"f":{},"b":{},"_coverageSchema":"1a1c01bbd47fc00a2c39e90264f33305004495a9","hash":"5fc83bb8a7fd03be05776e3f77c02b0efc0059d3"}
}
