TN:
SF:App.js
FN:15,(anonymous_0)
FN:27,(anonymous_1)
FN:31,(anonymous_2)
FNF:3
FNH:3
FNDA:1,(anonymous_0)
FNDA:1,(anonymous_1)
FNDA:1,(anonymous_2)
DA:11,1
DA:16,1
DA:24,0
DA:28,1
DA:32,1
DA:33,0
DA:39,1
DA:45,1
LF:8
LH:6
BRDA:32,0,0,0
BRDA:32,0,1,1
BRF:2
BRH:1
end_of_record
TN:
SF:assets\BigShouldersDisplay-Bold.ttf
FNF:0
FNH:0
DA:1,1
LF:1
LH:1
BRF:0
BRH:0
end_of_record
TN:
SF:assets\images\Gradient.png
FNF:0
FNH:0
DA:1,2
LF:1
LH:1
BRF:0
BRH:0
end_of_record
TN:
SF:assets\images\checkbox_bbg.jpg
FNF:0
FNH:0
DA:1,1
LF:1
LH:1
BRF:0
BRH:0
end_of_record
TN:
SF:assets\images\checkboxfield_bbg.jpg
FNF:0
FNH:0
DA:1,1
LF:1
LH:1
BRF:0
BRH:0
end_of_record
TN:
SF:assets\images\login_bg.png
FNF:0
FNH:0
DA:1,2
LF:1
LH:1
BRF:0
BRH:0
end_of_record
TN:
SF:assets\images\logo.png
FNF:0
FNH:0
DA:1,3
LF:1
LH:1
BRF:0
BRH:0
end_of_record
TN:
SF:assets\images\main_bg2.png
FNF:0
FNH:0
DA:1,1
LF:1
LH:1
BRF:0
BRH:0
end_of_record
TN:
SF:assets\images\recipefield_bbg.jpg
FNF:0
FNH:0
DA:1,1
LF:1
LH:1
BRF:0
BRH:0
end_of_record
TN:
SF:config\DatabaseConfig.js
FNF:0
FNH:0
DA:4,7
DA:14,7
DA:15,7
LF:3
LH:3
BRF:0
BRH:0
end_of_record
TN:
SF:navigation\Navigator.js
FN:23,(anonymous_0)
FN:31,(anonymous_1)
FN:54,(anonymous_2)
FN:65,(anonymous_3)
FN:78,(anonymous_4)
FN:98,(anonymous_5)
FN:126,(anonymous_6)
FN:154,(anonymous_7)
FNF:8
FNH:1
FNDA:0,(anonymous_0)
FNDA:1,(anonymous_1)
FNDA:0,(anonymous_2)
FNDA:0,(anonymous_3)
FNDA:0,(anonymous_4)
FNDA:0,(anonymous_5)
FNDA:0,(anonymous_6)
FNDA:0,(anonymous_7)
DA:21,2
DA:23,2
DA:31,2
DA:33,1
DA:54,0
DA:66,0
DA:78,0
DA:99,0
DA:127,0
DA:155,0
LF:10
LH:4
BRF:0
BRH:0
end_of_record
TN:
SF:screens\CreateRecipeScreen.js
FN:22,(anonymous_0)
FN:37,(anonymous_1)
FN:38,(anonymous_2)
FN:48,(anonymous_3)
FN:68,(anonymous_4)
FN:69,(anonymous_5)
FN:71,(anonymous_6)
FN:74,(anonymous_7)
FN:95,(anonymous_8)
FN:110,(anonymous_9)
FN:113,(anonymous_10)
FN:117,(anonymous_11)
FN:126,(anonymous_12)
FN:168,(anonymous_13)
FN:177,(anonymous_14)
FN:185,(anonymous_15)
FN:216,(anonymous_16)
FN:229,(anonymous_17)
FN:242,(anonymous_18)
FN:255,(anonymous_19)
FN:268,(anonymous_20)
FN:281,(anonymous_21)
FN:294,(anonymous_22)
FNF:23
FNH:1
FNDA:1,(anonymous_0)
FNDA:0,(anonymous_1)
FNDA:0,(anonymous_2)
FNDA:0,(anonymous_3)
FNDA:0,(anonymous_4)
FNDA:0,(anonymous_5)
FNDA:0,(anonymous_6)
FNDA:0,(anonymous_7)
FNDA:0,(anonymous_8)
FNDA:0,(anonymous_9)
FNDA:0,(anonymous_10)
FNDA:0,(anonymous_11)
FNDA:0,(anonymous_12)
FNDA:0,(anonymous_13)
FNDA:0,(anonymous_14)
FNDA:0,(anonymous_15)
FNDA:0,(anonymous_16)
FNDA:0,(anonymous_17)
FNDA:0,(anonymous_18)
FNDA:0,(anonymous_19)
FNDA:0,(anonymous_20)
FNDA:0,(anonymous_21)
FNDA:0,(anonymous_22)
DA:19,3
DA:20,3
DA:22,3
DA:23,1
DA:24,1
DA:25,1
DA:26,1
DA:27,1
DA:28,1
DA:29,1
DA:31,1
DA:32,1
DA:33,1
DA:34,1
DA:35,1
DA:37,1
DA:38,0
DA:39,0
DA:40,0
DA:41,0
DA:42,0
DA:48,1
DA:49,0
DA:56,0
DA:61,0
DA:63,0
DA:64,0
DA:68,1
DA:69,0
DA:70,0
DA:71,0
DA:72,0
DA:74,0
DA:75,0
DA:76,0
DA:78,0
DA:79,0
DA:80,0
DA:83,0
DA:87,0
DA:90,0
DA:92,0
DA:95,1
DA:96,0
DA:97,0
DA:98,0
DA:111,0
DA:112,0
DA:113,0
DA:117,0
DA:122,0
DA:126,0
DA:134,1
DA:168,0
DA:177,0
DA:185,0
DA:216,0
DA:229,0
DA:242,0
DA:255,0
DA:268,0
DA:281,0
DA:294,0
LF:63
LH:20
BRDA:39,0,0,0
BRDA:39,0,1,0
BRDA:41,1,0,0
BRDA:41,1,1,0
BRDA:63,2,0,0
BRDA:63,2,1,0
BRDA:96,3,0,0
BRDA:96,3,1,0
BRDA:96,4,0,0
BRDA:96,4,1,0
BRDA:96,4,2,0
BRDA:96,4,3,0
BRDA:318,5,0,1
BRDA:318,5,1,0
BRF:14
BRH:1
end_of_record
TN:
SF:screens\LoginScreen.js
FN:23,(anonymous_0)
FN:26,(anonymous_1)
FN:28,(anonymous_2)
FN:35,(anonymous_3)
FN:42,(anonymous_4)
FN:43,(anonymous_5)
FN:47,(anonymous_6)
FN:55,(anonymous_7)
FN:63,(anonymous_8)
FN:67,(anonymous_9)
FN:71,(anonymous_10)
FN:75,(anonymous_11)
FN:107,(anonymous_12)
FN:119,(anonymous_13)
FN:133,(anonymous_14)
FNF:15
FNH:1
FNDA:2,(anonymous_0)
FNDA:0,(anonymous_1)
FNDA:0,(anonymous_2)
FNDA:0,(anonymous_3)
FNDA:0,(anonymous_4)
FNDA:0,(anonymous_5)
FNDA:0,(anonymous_6)
FNDA:0,(anonymous_7)
FNDA:0,(anonymous_8)
FNDA:0,(anonymous_9)
FNDA:0,(anonymous_10)
FNDA:0,(anonymous_11)
FNDA:0,(anonymous_12)
FNDA:0,(anonymous_13)
FNDA:0,(anonymous_14)
DA:20,3
DA:21,3
DA:23,3
DA:25,2
DA:26,2
DA:27,0
DA:28,0
DA:29,0
DA:32,2
DA:33,2
DA:35,2
DA:37,0
DA:39,0
DA:42,0
DA:43,0
DA:47,0
DA:55,2
DA:56,0
DA:57,0
DA:60,0
DA:63,0
DA:67,0
DA:71,0
DA:75,0
DA:82,2
DA:107,0
DA:119,0
DA:133,0
LF:28
LH:10
BRDA:56,0,0,0
BRDA:56,0,1,0
BRDA:56,1,0,0
BRDA:56,1,1,0
BRF:4
BRH:0
end_of_record
TN:
SF:screens\MainScreen.js
FN:50,(anonymous_0)
FN:103,(anonymous_1)
FN:108,(anonymous_2)
FN:111,(anonymous_3)
FN:118,(anonymous_4)
FN:121,(anonymous_5)
FN:126,(anonymous_6)
FN:130,(anonymous_7)
FN:134,(anonymous_8)
FN:160,(anonymous_9)
FN:166,(anonymous_10)
FN:168,(anonymous_11)
FN:171,(anonymous_12)
FN:182,(anonymous_13)
FN:183,(anonymous_14)
FN:187,(anonymous_15)
FN:194,(anonymous_16)
FN:197,(anonymous_17)
FN:208,(anonymous_18)
FN:210,(anonymous_19)
FN:221,(anonymous_20)
FN:224,(anonymous_21)
FN:235,(anonymous_22)
FN:238,(anonymous_23)
FN:254,(anonymous_24)
FN:260,(anonymous_25)
FN:264,(anonymous_26)
FN:270,(anonymous_27)
FN:283,(anonymous_28)
FN:297,(anonymous_29)
FN:299,(anonymous_30)
FN:350,(anonymous_31)
FN:368,(anonymous_32)
FN:400,(anonymous_33)
FN:423,(anonymous_34)
FN:432,(anonymous_35)
FN:439,(anonymous_36)
FNF:37
FNH:6
FNDA:1,(anonymous_0)
FNDA:0,(anonymous_1)
FNDA:0,(anonymous_2)
FNDA:0,(anonymous_3)
FNDA:0,(anonymous_4)
FNDA:0,(anonymous_5)
FNDA:0,(anonymous_6)
FNDA:0,(anonymous_7)
FNDA:0,(anonymous_8)
FNDA:0,(anonymous_9)
FNDA:1,(anonymous_10)
FNDA:0,(anonymous_11)
FNDA:0,(anonymous_12)
FNDA:0,(anonymous_13)
FNDA:0,(anonymous_14)
FNDA:0,(anonymous_15)
FNDA:0,(anonymous_16)
FNDA:0,(anonymous_17)
FNDA:0,(anonymous_18)
FNDA:0,(anonymous_19)
FNDA:0,(anonymous_20)
FNDA:0,(anonymous_21)
FNDA:0,(anonymous_22)
FNDA:0,(anonymous_23)
FNDA:0,(anonymous_24)
FNDA:0,(anonymous_25)
FNDA:0,(anonymous_26)
FNDA:3,(anonymous_27)
FNDA:3,(anonymous_28)
FNDA:1,(anonymous_29)
FNDA:0,(anonymous_30)
FNDA:1,(anonymous_31)
FNDA:0,(anonymous_32)
FNDA:0,(anonymous_33)
FNDA:0,(anonymous_34)
FNDA:0,(anonymous_35)
FNDA:0,(anonymous_36)
DA:14,3
DA:15,3
DA:19,3
DA:34,3
DA:51,1
DA:53,1
DA:54,1
DA:64,1
DA:70,1
DA:78,1
DA:83,1
DA:89,1
DA:94,1
DA:104,0
DA:109,0
DA:110,0
DA:111,0
DA:112,0
DA:121,0
DA:122,0
DA:125,0
DA:126,0
DA:134,0
DA:135,0
DA:138,0
DA:139,0
DA:140,0
DA:141,0
DA:142,0
DA:143,0
DA:144,0
DA:145,0
DA:146,0
DA:147,0
DA:149,0
DA:151,0
DA:160,0
DA:168,1
DA:169,0
DA:171,0
DA:172,0
DA:178,0
DA:180,1
DA:182,0
DA:185,0
DA:190,0
DA:191,0
DA:195,0
DA:196,0
DA:197,0
DA:198,0
DA:204,0
DA:205,0
DA:209,0
DA:210,0
DA:211,0
DA:217,0
DA:218,0
DA:222,0
DA:223,0
DA:224,0
DA:225,0
DA:231,0
DA:232,0
DA:236,0
DA:237,0
DA:238,0
DA:239,0
DA:244,0
DA:254,1
DA:255,0
DA:256,0
DA:257,0
DA:260,1
DA:261,0
DA:264,1
DA:265,0
DA:270,1
DA:271,3
DA:283,1
DA:284,3
DA:297,1
DA:299,1
DA:302,0
DA:303,0
DA:305,0
DA:306,0
DA:324,0
DA:351,1
DA:352,1
DA:369,0
DA:401,0
DA:423,0
DA:432,0
DA:439,0
LF:95
LH:26
BRDA:141,0,0,0
BRDA:141,0,1,0
BRDA:142,1,0,0
BRDA:142,1,1,0
BRDA:143,2,0,0
BRDA:143,2,1,0
BRDA:144,3,0,0
BRDA:144,3,1,0
BRDA:145,4,0,0
BRDA:145,4,1,0
BRDA:146,5,0,0
BRDA:146,5,1,0
BRDA:147,6,0,0
BRDA:147,6,1,0
BRDA:190,7,0,0
BRDA:190,7,1,0
BRDA:204,8,0,0
BRDA:204,8,1,0
BRDA:217,9,0,0
BRDA:217,9,1,0
BRDA:231,10,0,0
BRDA:231,10,1,0
BRDA:266,11,0,0
BRDA:266,11,1,0
BRDA:287,12,0,0
BRDA:287,12,1,3
BRDA:290,13,0,0
BRDA:290,13,1,3
BRDA:302,14,0,0
BRDA:302,14,1,0
BRDA:305,15,0,0
BRDA:305,15,1,0
BRF:32
BRH:2
end_of_record
TN:
SF:screens\MealPlannerScreen.js
FN:10,(anonymous_0)
FN:15,(anonymous_1)
FN:19,(anonymous_2)
FN:26,(anonymous_3)
FN:43,(anonymous_4)
FN:44,(anonymous_5)
FN:60,(anonymous_6)
FN:66,(anonymous_7)
FNF:8
FNH:2
FNDA:0,(anonymous_0)
FNDA:1,(anonymous_1)
FNDA:0,(anonymous_2)
FNDA:0,(anonymous_3)
FNDA:1,(anonymous_4)
FNDA:0,(anonymous_5)
FNDA:0,(anonymous_6)
FNDA:0,(anonymous_7)
DA:10,3
DA:11,0
DA:12,0
DA:15,3
DA:16,1
DA:19,1
DA:20,0
DA:24,0
DA:26,0
DA:43,1
DA:44,1
DA:45,0
DA:46,0
DA:47,0
DA:48,0
DA:49,0
DA:50,0
DA:51,0
DA:52,0
DA:59,0
DA:60,0
DA:61,0
DA:63,0
DA:66,1
DA:67,0
DA:88,1
DA:118,3
LF:27
LH:9
BRDA:48,0,0,0
BRDA:48,0,1,0
BRF:2
BRH:0
end_of_record
TN:
SF:screens\MyProfile.js
FN:20,Profile
FN:30,(anonymous_1)
FN:33,(anonymous_2)
FN:43,(anonymous_3)
FN:90,(anonymous_4)
FN:113,(anonymous_5)
FN:133,(anonymous_6)
FNF:7
FNH:1
FNDA:1,Profile
FNDA:0,(anonymous_1)
FNDA:0,(anonymous_2)
FNDA:0,(anonymous_3)
FNDA:0,(anonymous_4)
FNDA:0,(anonymous_5)
FNDA:0,(anonymous_6)
DA:17,3
DA:18,3
DA:21,1
DA:22,1
DA:23,1
DA:24,1
DA:25,1
DA:26,1
DA:27,1
DA:30,1
DA:32,0
DA:33,0
DA:34,0
DA:35,0
DA:36,0
DA:37,0
DA:38,0
DA:40,0
DA:43,1
DA:44,0
DA:47,1
DA:91,0
DA:114,0
DA:133,0
LF:24
LH:12
BRF:0
BRH:0
end_of_record
TN:
SF:screens\MyRecipes.js
FN:12,(anonymous_0)
FN:36,(anonymous_1)
FN:43,(anonymous_2)
FN:45,(anonymous_3)
FN:49,(anonymous_4)
FN:51,(anonymous_5)
FN:88,(anonymous_6)
FN:100,(anonymous_7)
FN:115,(anonymous_8)
FN:124,(anonymous_9)
FN:130,(anonymous_10)
FNF:11
FNH:3
FNDA:1,(anonymous_0)
FNDA:0,(anonymous_1)
FNDA:1,(anonymous_2)
FNDA:0,(anonymous_3)
FNDA:0,(anonymous_4)
FNDA:0,(anonymous_5)
FNDA:1,(anonymous_6)
FNDA:0,(anonymous_7)
FNDA:0,(anonymous_8)
FNDA:0,(anonymous_9)
FNDA:0,(anonymous_10)
DA:7,3
DA:8,3
DA:13,1
DA:15,1
DA:37,0
DA:38,0
DA:39,0
DA:40,0
DA:44,1
DA:45,1
DA:46,0
DA:49,1
DA:50,0
DA:51,0
DA:53,0
DA:54,0
DA:55,0
DA:56,0
DA:57,0
DA:58,0
DA:59,0
DA:60,0
DA:61,0
DA:62,0
DA:63,0
DA:64,0
DA:65,0
DA:66,0
DA:81,0
DA:84,1
DA:89,1
DA:101,0
DA:116,0
DA:124,0
DA:130,0
LF:35
LH:9
BRF:0
BRH:0
end_of_record
TN:
SF:screens\RegisterScreen.js
FN:5,Untitled
FNF:1
FNH:1
FNDA:1,Untitled
DA:6,1
DA:26,3
LF:2
LH:2
BRF:0
BRH:0
end_of_record
TN:
SF:styles\CreateRecipeStyles.js
FNF:0
FNH:0
DA:2,3
DA:3,3
LF:2
LH:2
BRF:0
BRH:0
end_of_record
TN:
SF:styles\LoginStyles.js
FNF:0
FNH:0
DA:2,3
DA:3,3
LF:2
LH:2
BRF:0
BRH:0
end_of_record
TN:
SF:styles\MainStyles.js
FNF:0
FNH:0
DA:2,3
DA:3,3
LF:2
LH:2
BRF:0
BRH:0
end_of_record
TN:
SF:styles\MyProfileStyles.js
FNF:0
FNH:0
DA:2,3
DA:3,3
LF:2
LH:2
BRF:0
BRH:0
end_of_record
TN:
SF:styles\MyRecipesStyle.js
FNF:0
FNH:0
DA:2,3
DA:3,3
LF:2
LH:2
BRF:0
BRH:0
end_of_record
