TN:
SF:App.js
FN:15,(anonymous_0)
FN:27,(anonymous_1)
FN:31,(anonymous_2)
FNF:3
FNH:3
FNDA:1,(anonymous_0)
FNDA:1,(anonymous_1)
FNDA:1,(anonymous_2)
DA:11,1
DA:16,1
DA:24,0
DA:28,1
DA:32,1
DA:33,0
DA:39,1
DA:45,1
LF:8
LH:6
BRDA:32,0,0,0
BRDA:32,0,1,1
BRF:2
BRH:1
end_of_record
TN:
SF:assets\BigShouldersDisplay-Bold.ttf
FNF:0
FNH:0
DA:1,1
LF:1
LH:1
BRF:0
BRH:0
end_of_record
TN:
SF:assets\images\Gradient.png
FNF:0
FNH:0
DA:1,3
LF:1
LH:1
BRF:0
BRH:0
end_of_record
TN:
SF:assets\images\checkbox_bbg.jpg
FNF:0
FNH:0
DA:1,1
LF:1
LH:1
BRF:0
BRH:0
end_of_record
TN:
SF:assets\images\checkboxfield_bbg.jpg
FNF:0
FNH:0
DA:1,1
LF:1
LH:1
BRF:0
BRH:0
end_of_record
TN:
SF:assets\images\login_bg.png
FNF:0
FNH:0
DA:1,2
LF:1
LH:1
BRF:0
BRH:0
end_of_record
TN:
SF:assets\images\logo.png
FNF:0
FNH:0
DA:1,3
LF:1
LH:1
BRF:0
BRH:0
end_of_record
TN:
SF:assets\images\main_bg2.png
FNF:0
FNH:0
DA:1,1
LF:1
LH:1
BRF:0
BRH:0
end_of_record
TN:
SF:assets\images\recipefield_bbg.jpg
FNF:0
FNH:0
DA:1,1
LF:1
LH:1
BRF:0
BRH:0
end_of_record
TN:
SF:config\DatabaseConfig.js
FNF:0
FNH:0
DA:4,8
DA:14,8
DA:15,8
LF:3
LH:3
BRF:0
BRH:0
end_of_record
TN:
SF:navigation\Navigator.js
FN:27,(anonymous_0)
FN:35,(anonymous_1)
FN:58,(anonymous_2)
FN:69,(anonymous_3)
FN:82,(anonymous_4)
FN:102,(anonymous_5)
FN:130,(anonymous_6)
FN:159,(anonymous_7)
FN:188,(anonymous_8)
FN:217,(anonymous_9)
FN:246,(anonymous_10)
FN:274,(anonymous_11)
FNF:12
FNH:1
FNDA:0,(anonymous_0)
FNDA:1,(anonymous_1)
FNDA:0,(anonymous_2)
FNDA:0,(anonymous_3)
FNDA:0,(anonymous_4)
FNDA:0,(anonymous_5)
FNDA:0,(anonymous_6)
FNDA:0,(anonymous_7)
FNDA:0,(anonymous_8)
FNDA:0,(anonymous_9)
FNDA:0,(anonymous_10)
FNDA:0,(anonymous_11)
DA:25,2
DA:27,2
DA:35,2
DA:37,1
DA:58,0
DA:70,0
DA:82,0
DA:103,0
DA:131,0
DA:160,0
DA:189,0
DA:218,0
DA:247,0
DA:275,0
LF:14
LH:4
BRF:0
BRH:0
end_of_record
TN:
SF:screens\CreateRecipeScreen.js
FN:22,(anonymous_0)
FN:37,(anonymous_1)
FN:38,(anonymous_2)
FN:48,(anonymous_3)
FN:68,(anonymous_4)
FN:69,(anonymous_5)
FN:71,(anonymous_6)
FN:74,(anonymous_7)
FN:95,(anonymous_8)
FN:110,(anonymous_9)
FN:113,(anonymous_10)
FN:117,(anonymous_11)
FN:126,(anonymous_12)
FN:168,(anonymous_13)
FN:177,(anonymous_14)
FN:185,(anonymous_15)
FN:216,(anonymous_16)
FN:229,(anonymous_17)
FN:242,(anonymous_18)
FN:255,(anonymous_19)
FN:268,(anonymous_20)
FN:281,(anonymous_21)
FN:294,(anonymous_22)
FNF:23
FNH:1
FNDA:1,(anonymous_0)
FNDA:0,(anonymous_1)
FNDA:0,(anonymous_2)
FNDA:0,(anonymous_3)
FNDA:0,(anonymous_4)
FNDA:0,(anonymous_5)
FNDA:0,(anonymous_6)
FNDA:0,(anonymous_7)
FNDA:0,(anonymous_8)
FNDA:0,(anonymous_9)
FNDA:0,(anonymous_10)
FNDA:0,(anonymous_11)
FNDA:0,(anonymous_12)
FNDA:0,(anonymous_13)
FNDA:0,(anonymous_14)
FNDA:0,(anonymous_15)
FNDA:0,(anonymous_16)
FNDA:0,(anonymous_17)
FNDA:0,(anonymous_18)
FNDA:0,(anonymous_19)
FNDA:0,(anonymous_20)
FNDA:0,(anonymous_21)
FNDA:0,(anonymous_22)
DA:19,3
DA:20,3
DA:22,3
DA:23,1
DA:24,1
DA:25,1
DA:26,1
DA:27,1
DA:28,1
DA:29,1
DA:31,1
DA:32,1
DA:33,1
DA:34,1
DA:35,1
DA:37,1
DA:38,0
DA:39,0
DA:40,0
DA:41,0
DA:42,0
DA:48,1
DA:49,0
DA:56,0
DA:61,0
DA:63,0
DA:64,0
DA:68,1
DA:69,0
DA:70,0
DA:71,0
DA:72,0
DA:74,0
DA:75,0
DA:76,0
DA:78,0
DA:79,0
DA:80,0
DA:83,0
DA:87,0
DA:90,0
DA:92,0
DA:95,1
DA:96,0
DA:97,0
DA:98,0
DA:111,0
DA:112,0
DA:113,0
DA:117,0
DA:122,0
DA:126,0
DA:134,1
DA:168,0
DA:177,0
DA:185,0
DA:216,0
DA:229,0
DA:242,0
DA:255,0
DA:268,0
DA:281,0
DA:294,0
LF:63
LH:20
BRDA:39,0,0,0
BRDA:39,0,1,0
BRDA:41,1,0,0
BRDA:41,1,1,0
BRDA:63,2,0,0
BRDA:63,2,1,0
BRDA:96,3,0,0
BRDA:96,3,1,0
BRDA:96,4,0,0
BRDA:96,4,1,0
BRDA:96,4,2,0
BRDA:96,4,3,0
BRDA:318,5,0,1
BRDA:318,5,1,0
BRF:14
BRH:1
end_of_record
TN:
SF:screens\LoginScreen.js
FN:24,(anonymous_0)
FN:27,(anonymous_1)
FN:29,(anonymous_2)
FN:36,(anonymous_3)
FN:43,(anonymous_4)
FN:44,(anonymous_5)
FN:48,(anonymous_6)
FN:56,(anonymous_7)
FN:63,(anonymous_8)
FN:64,(anonymous_9)
FN:68,(anonymous_10)
FN:76,(anonymous_11)
FN:84,(anonymous_12)
FN:88,(anonymous_13)
FN:92,(anonymous_14)
FN:96,(anonymous_15)
FN:131,(anonymous_16)
FN:143,(anonymous_17)
FN:157,(anonymous_18)
FNF:19
FNH:1
FNDA:2,(anonymous_0)
FNDA:0,(anonymous_1)
FNDA:0,(anonymous_2)
FNDA:0,(anonymous_3)
FNDA:0,(anonymous_4)
FNDA:0,(anonymous_5)
FNDA:0,(anonymous_6)
FNDA:0,(anonymous_7)
FNDA:0,(anonymous_8)
FNDA:0,(anonymous_9)
FNDA:0,(anonymous_10)
FNDA:0,(anonymous_11)
FNDA:0,(anonymous_12)
FNDA:0,(anonymous_13)
FNDA:0,(anonymous_14)
FNDA:0,(anonymous_15)
FNDA:0,(anonymous_16)
FNDA:0,(anonymous_17)
FNDA:0,(anonymous_18)
DA:21,3
DA:22,3
DA:24,3
DA:26,2
DA:27,2
DA:28,0
DA:29,0
DA:30,0
DA:33,2
DA:34,2
DA:36,2
DA:38,0
DA:40,0
DA:43,0
DA:44,0
DA:48,0
DA:56,2
DA:58,0
DA:60,0
DA:63,0
DA:64,0
DA:68,0
DA:76,2
DA:77,0
DA:78,0
DA:81,0
DA:84,0
DA:88,0
DA:92,0
DA:96,0
DA:103,2
DA:131,0
DA:143,0
DA:157,0
LF:34
LH:11
BRDA:77,0,0,0
BRDA:77,0,1,0
BRDA:77,1,0,0
BRDA:77,1,1,0
BRF:4
BRH:0
end_of_record
TN:
SF:screens\MainScreen.js
FN:50,(anonymous_0)
FN:103,(anonymous_1)
FN:108,(anonymous_2)
FN:111,(anonymous_3)
FN:118,(anonymous_4)
FN:121,(anonymous_5)
FN:126,(anonymous_6)
FN:130,(anonymous_7)
FN:134,(anonymous_8)
FN:160,(anonymous_9)
FN:166,(anonymous_10)
FN:168,(anonymous_11)
FN:171,(anonymous_12)
FN:182,(anonymous_13)
FN:183,(anonymous_14)
FN:187,(anonymous_15)
FN:194,(anonymous_16)
FN:197,(anonymous_17)
FN:208,(anonymous_18)
FN:210,(anonymous_19)
FN:221,(anonymous_20)
FN:224,(anonymous_21)
FN:235,(anonymous_22)
FN:238,(anonymous_23)
FN:254,(anonymous_24)
FN:260,(anonymous_25)
FN:264,(anonymous_26)
FN:270,(anonymous_27)
FN:283,(anonymous_28)
FN:297,(anonymous_29)
FN:299,(anonymous_30)
FN:351,(anonymous_31)
FN:370,(anonymous_32)
FN:402,(anonymous_33)
FN:425,(anonymous_34)
FN:434,(anonymous_35)
FN:441,(anonymous_36)
FNF:37
FNH:6
FNDA:1,(anonymous_0)
FNDA:0,(anonymous_1)
FNDA:0,(anonymous_2)
FNDA:0,(anonymous_3)
FNDA:0,(anonymous_4)
FNDA:0,(anonymous_5)
FNDA:0,(anonymous_6)
FNDA:0,(anonymous_7)
FNDA:0,(anonymous_8)
FNDA:0,(anonymous_9)
FNDA:1,(anonymous_10)
FNDA:0,(anonymous_11)
FNDA:0,(anonymous_12)
FNDA:0,(anonymous_13)
FNDA:0,(anonymous_14)
FNDA:0,(anonymous_15)
FNDA:0,(anonymous_16)
FNDA:0,(anonymous_17)
FNDA:0,(anonymous_18)
FNDA:0,(anonymous_19)
FNDA:0,(anonymous_20)
FNDA:0,(anonymous_21)
FNDA:0,(anonymous_22)
FNDA:0,(anonymous_23)
FNDA:0,(anonymous_24)
FNDA:0,(anonymous_25)
FNDA:0,(anonymous_26)
FNDA:3,(anonymous_27)
FNDA:3,(anonymous_28)
FNDA:1,(anonymous_29)
FNDA:0,(anonymous_30)
FNDA:1,(anonymous_31)
FNDA:0,(anonymous_32)
FNDA:0,(anonymous_33)
FNDA:0,(anonymous_34)
FNDA:0,(anonymous_35)
FNDA:0,(anonymous_36)
DA:14,3
DA:15,3
DA:19,3
DA:34,3
DA:51,1
DA:53,1
DA:54,1
DA:64,1
DA:70,1
DA:78,1
DA:83,1
DA:89,1
DA:94,1
DA:104,0
DA:109,0
DA:110,0
DA:111,0
DA:112,0
DA:121,0
DA:122,0
DA:125,0
DA:126,0
DA:134,0
DA:135,0
DA:138,0
DA:139,0
DA:140,0
DA:141,0
DA:142,0
DA:143,0
DA:144,0
DA:145,0
DA:146,0
DA:147,0
DA:149,0
DA:151,0
DA:160,0
DA:168,1
DA:169,0
DA:171,0
DA:172,0
DA:178,0
DA:180,1
DA:182,0
DA:185,0
DA:190,0
DA:191,0
DA:195,0
DA:196,0
DA:197,0
DA:198,0
DA:204,0
DA:205,0
DA:209,0
DA:210,0
DA:211,0
DA:217,0
DA:218,0
DA:222,0
DA:223,0
DA:224,0
DA:225,0
DA:231,0
DA:232,0
DA:236,0
DA:237,0
DA:238,0
DA:239,0
DA:244,0
DA:254,1
DA:255,0
DA:256,0
DA:257,0
DA:260,1
DA:261,0
DA:264,1
DA:265,0
DA:270,1
DA:271,3
DA:283,1
DA:284,3
DA:297,1
DA:299,1
DA:302,0
DA:303,0
DA:305,0
DA:306,0
DA:325,0
DA:352,1
DA:353,1
DA:371,0
DA:403,0
DA:425,0
DA:434,0
DA:441,0
LF:95
LH:26
BRDA:141,0,0,0
BRDA:141,0,1,0
BRDA:142,1,0,0
BRDA:142,1,1,0
BRDA:143,2,0,0
BRDA:143,2,1,0
BRDA:144,3,0,0
BRDA:144,3,1,0
BRDA:145,4,0,0
BRDA:145,4,1,0
BRDA:146,5,0,0
BRDA:146,5,1,0
BRDA:147,6,0,0
BRDA:147,6,1,0
BRDA:190,7,0,0
BRDA:190,7,1,0
BRDA:204,8,0,0
BRDA:204,8,1,0
BRDA:217,9,0,0
BRDA:217,9,1,0
BRDA:231,10,0,0
BRDA:231,10,1,0
BRDA:266,11,0,0
BRDA:266,11,1,0
BRDA:287,12,0,0
BRDA:287,12,1,3
BRDA:290,13,0,0
BRDA:290,13,1,3
BRDA:302,14,0,0
BRDA:302,14,1,0
BRDA:305,15,0,0
BRDA:305,15,1,0
BRF:32
BRH:2
end_of_record
TN:
SF:screens\MealPlannerScreen.js
FN:11,(anonymous_0)
FN:16,(anonymous_1)
FN:20,(anonymous_2)
FN:25,(anonymous_3)
FN:32,(anonymous_4)
FN:49,(anonymous_5)
FN:51,(anonymous_6)
FN:59,(anonymous_7)
FN:60,(anonymous_8)
FN:80,(anonymous_9)
FN:87,(anonymous_10)
FN:90,(anonymous_11)
FN:96,(anonymous_12)
FN:97,(anonymous_13)
FN:103,(anonymous_14)
FN:107,(anonymous_15)
FNF:16
FNH:2
FNDA:0,(anonymous_0)
FNDA:1,(anonymous_1)
FNDA:0,(anonymous_2)
FNDA:0,(anonymous_3)
FNDA:0,(anonymous_4)
FNDA:1,(anonymous_5)
FNDA:0,(anonymous_6)
FNDA:0,(anonymous_7)
FNDA:0,(anonymous_8)
FNDA:0,(anonymous_9)
FNDA:0,(anonymous_10)
FNDA:0,(anonymous_11)
FNDA:0,(anonymous_12)
FNDA:0,(anonymous_13)
FNDA:0,(anonymous_14)
FNDA:0,(anonymous_15)
DA:11,3
DA:12,0
DA:13,0
DA:16,3
DA:17,1
DA:18,1
DA:20,1
DA:25,1
DA:26,0
DA:30,0
DA:32,0
DA:49,1
DA:50,1
DA:51,1
DA:53,0
DA:55,0
DA:57,0
DA:59,0
DA:60,0
DA:61,0
DA:62,0
DA:63,0
DA:64,0
DA:69,0
DA:70,0
DA:75,0
DA:80,1
DA:81,0
DA:87,0
DA:90,0
DA:96,1
DA:97,0
DA:98,0
DA:99,0
DA:103,1
DA:106,0
DA:107,0
DA:127,1
DA:157,3
LF:39
LH:14
BRDA:63,0,0,0
BRDA:63,0,1,0
BRF:2
BRH:0
end_of_record
TN:
SF:screens\MyProfile.js
FN:20,Profile
FN:30,(anonymous_1)
FN:33,(anonymous_2)
FN:34,(anonymous_3)
FN:47,(anonymous_4)
FN:94,(anonymous_5)
FN:117,(anonymous_6)
FN:137,(anonymous_7)
FNF:8
FNH:1
FNDA:1,Profile
FNDA:0,(anonymous_1)
FNDA:0,(anonymous_2)
FNDA:0,(anonymous_3)
FNDA:0,(anonymous_4)
FNDA:0,(anonymous_5)
FNDA:0,(anonymous_6)
FNDA:0,(anonymous_7)
DA:17,3
DA:18,3
DA:21,1
DA:22,1
DA:23,1
DA:24,1
DA:25,1
DA:26,1
DA:27,1
DA:30,1
DA:32,0
DA:33,0
DA:34,0
DA:35,0
DA:36,0
DA:37,0
DA:38,0
DA:39,0
DA:44,0
DA:47,1
DA:48,0
DA:51,1
DA:95,0
DA:118,0
DA:137,0
LF:25
LH:12
BRF:0
BRH:0
end_of_record
TN:
SF:screens\MyRecipes.js
FN:15,(anonymous_0)
FN:43,(anonymous_1)
FN:51,(anonymous_2)
FN:58,(anonymous_3)
FN:60,(anonymous_4)
FN:98,(anonymous_5)
FN:104,(anonymous_6)
FN:109,(anonymous_7)
FN:148,(anonymous_8)
FN:163,(anonymous_9)
FN:187,(anonymous_10)
FN:188,(anonymous_11)
FN:193,(anonymous_12)
FN:203,(anonymous_13)
FN:204,(anonymous_14)
FN:217,(anonymous_15)
FN:232,(anonymous_16)
FN:241,(anonymous_17)
FN:245,(anonymous_18)
FN:257,(anonymous_19)
FNF:20
FNH:3
FNDA:1,(anonymous_0)
FNDA:0,(anonymous_1)
FNDA:1,(anonymous_2)
FNDA:0,(anonymous_3)
FNDA:0,(anonymous_4)
FNDA:0,(anonymous_5)
FNDA:0,(anonymous_6)
FNDA:0,(anonymous_7)
FNDA:0,(anonymous_8)
FNDA:0,(anonymous_9)
FNDA:0,(anonymous_10)
FNDA:0,(anonymous_11)
FNDA:1,(anonymous_12)
FNDA:0,(anonymous_13)
FNDA:0,(anonymous_14)
FNDA:0,(anonymous_15)
FNDA:0,(anonymous_16)
FNDA:0,(anonymous_17)
FNDA:0,(anonymous_18)
FNDA:0,(anonymous_19)
DA:10,3
DA:11,3
DA:16,1
DA:18,1
DA:45,0
DA:46,0
DA:47,0
DA:48,0
DA:52,1
DA:54,0
DA:56,0
DA:58,0
DA:59,0
DA:60,0
DA:62,0
DA:63,0
DA:64,0
DA:65,0
DA:66,0
DA:67,0
DA:68,0
DA:69,0
DA:70,0
DA:71,0
DA:72,0
DA:73,0
DA:74,0
DA:75,0
DA:90,0
DA:93,0
DA:98,1
DA:99,0
DA:100,0
DA:104,1
DA:105,0
DA:106,0
DA:109,1
DA:110,0
DA:111,0
DA:113,0
DA:114,0
DA:116,0
DA:117,0
DA:119,0
DA:120,0
DA:122,0
DA:123,0
DA:125,0
DA:126,0
DA:128,0
DA:129,0
DA:131,0
DA:132,0
DA:134,0
DA:135,0
DA:137,0
DA:138,0
DA:140,0
DA:141,0
DA:143,0
DA:144,0
DA:148,1
DA:149,0
DA:150,0
DA:152,0
DA:153,0
DA:154,0
DA:155,0
DA:157,0
DA:159,0
DA:163,1
DA:164,0
DA:166,0
DA:167,0
DA:168,0
DA:169,0
DA:185,0
DA:186,0
DA:187,0
DA:188,0
DA:194,1
DA:203,0
DA:204,0
DA:218,0
DA:233,0
DA:241,0
DA:246,0
DA:247,0
DA:257,0
LF:89
LH:11
BRDA:45,0,0,0
BRDA:45,0,1,0
BRDA:110,1,0,0
BRDA:110,1,1,0
BRDA:113,2,0,0
BRDA:113,2,1,0
BRDA:116,3,0,0
BRDA:116,3,1,0
BRDA:119,4,0,0
BRDA:119,4,1,0
BRDA:122,5,0,0
BRDA:122,5,1,0
BRDA:125,6,0,0
BRDA:125,6,1,0
BRDA:128,7,0,0
BRDA:128,7,1,0
BRDA:131,8,0,0
BRDA:131,8,1,0
BRDA:134,9,0,0
BRDA:134,9,1,0
BRDA:137,10,0,0
BRDA:137,10,1,0
BRDA:140,11,0,0
BRDA:140,11,1,0
BRDA:143,12,0,0
BRDA:143,12,1,0
BRDA:168,13,0,0
BRDA:168,13,1,0
BRF:28
BRH:0
end_of_record
TN:
SF:screens\RegisterScreen.js
FN:20,Registration
FN:27,(anonymous_1)
FN:55,(anonymous_2)
FN:64,(anonymous_3)
FN:72,(anonymous_4)
FN:80,(anonymous_5)
FN:88,(anonymous_6)
FN:95,(anonymous_7)
FNF:8
FNH:1
FNDA:1,Registration
FNDA:0,(anonymous_1)
FNDA:0,(anonymous_2)
FNDA:0,(anonymous_3)
FNDA:0,(anonymous_4)
FNDA:0,(anonymous_5)
FNDA:0,(anonymous_6)
FNDA:0,(anonymous_7)
DA:16,3
DA:17,3
DA:21,1
DA:22,1
DA:23,1
DA:24,1
DA:25,1
DA:27,1
DA:28,0
DA:29,0
DA:32,0
DA:36,1
DA:55,0
DA:64,0
DA:72,0
DA:80,0
DA:88,0
DA:95,0
LF:18
LH:9
BRDA:28,0,0,0
BRDA:28,0,1,0
BRF:2
BRH:0
end_of_record
TN:
SF:screens\Registration02.js
FN:17,Registration02
FN:21,(anonymous_1)
FN:36,(anonymous_2)
FN:41,(anonymous_3)
FN:46,(anonymous_4)
FN:50,(anonymous_5)
FNF:6
FNH:0
FNDA:0,Registration02
FNDA:0,(anonymous_1)
FNDA:0,(anonymous_2)
FNDA:0,(anonymous_3)
FNDA:0,(anonymous_4)
FNDA:0,(anonymous_5)
DA:13,2
DA:14,2
DA:18,0
DA:19,0
DA:21,0
DA:22,0
DA:25,0
DA:36,0
DA:41,0
DA:46,0
DA:50,0
LF:11
LH:2
BRF:0
BRH:0
end_of_record
TN:
SF:screens\Registration03.js
FN:15,Registration03
FN:19,(anonymous_1)
FN:38,(anonymous_2)
FN:43,(anonymous_3)
FN:48,(anonymous_4)
FNF:5
FNH:0
FNDA:0,Registration03
FNDA:0,(anonymous_1)
FNDA:0,(anonymous_2)
FNDA:0,(anonymous_3)
FNDA:0,(anonymous_4)
DA:12,2
DA:13,2
DA:16,0
DA:17,0
DA:19,0
DA:20,0
DA:24,0
DA:38,0
DA:43,0
DA:48,0
DA:57,2
LF:11
LH:3
BRF:0
BRH:0
end_of_record
TN:
SF:screens\Registration04.js
FN:15,Registration04
FN:19,(anonymous_1)
FN:37,(anonymous_2)
FN:42,(anonymous_3)
FN:47,(anonymous_4)
FN:51,(anonymous_5)
FNF:6
FNH:0
FNDA:0,Registration04
FNDA:0,(anonymous_1)
FNDA:0,(anonymous_2)
FNDA:0,(anonymous_3)
FNDA:0,(anonymous_4)
FNDA:0,(anonymous_5)
DA:12,2
DA:13,2
DA:16,0
DA:17,0
DA:19,0
DA:20,0
DA:24,0
DA:37,0
DA:42,0
DA:47,0
DA:51,0
DA:60,2
LF:12
LH:3
BRF:0
BRH:0
end_of_record
TN:
SF:screens\Registration05.js
FN:19,Registration05
FN:32,(anonymous_1)
FN:36,(anonymous_2)
FN:40,(anonymous_3)
FN:61,(anonymous_4)
FN:81,(anonymous_5)
FN:86,(anonymous_6)
FN:91,(anonymous_7)
FN:97,(anonymous_8)
FN:103,(anonymous_9)
FN:108,(anonymous_10)
FN:115,(anonymous_11)
FN:120,(anonymous_12)
FN:125,(anonymous_13)
FN:133,(anonymous_14)
FN:135,(anonymous_15)
FNF:16
FNH:0
FNDA:0,Registration05
FNDA:0,(anonymous_1)
FNDA:0,(anonymous_2)
FNDA:0,(anonymous_3)
FNDA:0,(anonymous_4)
FNDA:0,(anonymous_5)
FNDA:0,(anonymous_6)
FNDA:0,(anonymous_7)
FNDA:0,(anonymous_8)
FNDA:0,(anonymous_9)
FNDA:0,(anonymous_10)
FNDA:0,(anonymous_11)
FNDA:0,(anonymous_12)
FNDA:0,(anonymous_13)
FNDA:0,(anonymous_14)
FNDA:0,(anonymous_15)
DA:15,2
DA:16,2
DA:20,0
DA:21,0
DA:22,0
DA:23,0
DA:24,0
DA:25,0
DA:26,0
DA:27,0
DA:28,0
DA:29,0
DA:30,0
DA:32,0
DA:33,0
DA:37,0
DA:41,0
DA:42,0
DA:54,0
DA:62,0
DA:69,0
DA:81,0
DA:86,0
DA:91,0
DA:97,0
DA:103,0
DA:108,0
DA:115,0
DA:120,0
DA:125,0
DA:133,0
DA:135,0
DA:144,2
LF:33
LH:3
BRF:0
BRH:0
end_of_record
TN:
SF:styles\CreateRecipeStyles.js
FNF:0
FNH:0
DA:2,3
DA:3,3
LF:2
LH:2
BRF:0
BRH:0
end_of_record
TN:
SF:styles\LoginStyles.js
FNF:0
FNH:0
DA:2,3
DA:3,3
LF:2
LH:2
BRF:0
BRH:0
end_of_record
TN:
SF:styles\MainStyles.js
FNF:0
FNH:0
DA:2,3
DA:3,3
LF:2
LH:2
BRF:0
BRH:0
end_of_record
TN:
SF:styles\MyProfileStyles.js
FNF:0
FNH:0
DA:2,3
DA:3,3
LF:2
LH:2
BRF:0
BRH:0
end_of_record
TN:
SF:styles\MyRecipesStyle.js
FNF:0
FNH:0
DA:2,3
DA:3,3
LF:2
LH:2
BRF:0
BRH:0
end_of_record
TN:
SF:styles\RegisterScreenStyles.js
FNF:0
FNH:0
DA:2,3
DA:3,3
LF:2
LH:2
BRF:0
BRH:0
end_of_record
